In file included from ./topio.cpp:8:0:
include/lexical.hpp:45:9: ошибка: «file_iterator» не является именем типа
include/lexical.hpp:46:9: ошибка: «scanner» не является именем типа
include/lexical.hpp:47:9: ошибка: «stored_rule» не является именем типа
include/lexical.hpp:48:9: ошибка: «rule» не является именем типа
include/lexical.hpp:66:23: ошибка: переменная или поле «val_start» объявлено void
include/lexical.hpp:66:23: ошибка: нет декларации «iterator» в этой области видимости
include/lexical.hpp:66:23: замечание: suggested alternatives:
In file included from /usr/lib/gcc/x86_64-pc-linux-gnu/4.7.3/include/g++-v4/bits/stl_algobase.h:66:0,
                 from /usr/lib/gcc/x86_64-pc-linux-gnu/4.7.3/include/g++-v4/bits/char_traits.h:41,
                 from /usr/lib/gcc/x86_64-pc-linux-gnu/4.7.3/include/g++-v4/ios:41,
                 from /usr/lib/gcc/x86_64-pc-linux-gnu/4.7.3/include/g++-v4/ostream:40,
                 from /usr/lib/gcc/x86_64-pc-linux-gnu/4.7.3/include/g++-v4/iostream:40,
                 from include/global.hpp:11,
                 from include/topio.hpp:4,
                 from ./topio.cpp:1:
/usr/lib/gcc/x86_64-pc-linux-gnu/4.7.3/include/g++-v4/bits/stl_iterator_base_types.h:119:12: замечание:   «std::iterator»
/usr/lib/gcc/x86_64-pc-linux-gnu/4.7.3/include/g++-v4/bits/stl_iterator_base_types.h:119:12: замечание:   «std::iterator»
In file included from /usr/include/boost/iterator/iterator_facade.hpp:10:0,
                 from /usr/include/boost/range/iterator_range_core.hpp:23,
                 from /usr/include/boost/lexical_cast.hpp:169,
                 from include/global.hpp:20,
                 from include/topio.hpp:4,
                 from ./topio.cpp:1:
/usr/include/boost/iterator.hpp:55:10: замечание:   «boost::iterator»
In file included from /usr/lib/gcc/x86_64-pc-linux-gnu/4.7.3/include/g++-v4/bits/stl_algobase.h:66:0,
                 from /usr/lib/gcc/x86_64-pc-linux-gnu/4.7.3/include/g++-v4/bits/char_traits.h:41,
                 from /usr/lib/gcc/x86_64-pc-linux-gnu/4.7.3/include/g++-v4/ios:41,
                 from /usr/lib/gcc/x86_64-pc-linux-gnu/4.7.3/include/g++-v4/ostream:40,
                 from /usr/lib/gcc/x86_64-pc-linux-gnu/4.7.3/include/g++-v4/iostream:40,
                 from include/global.hpp:11,
                 from include/topio.hpp:4,
                 from ./topio.cpp:1:
/usr/lib/gcc/x86_64-pc-linux-gnu/4.7.3/include/g++-v4/bits/stl_iterator_base_types.h:119:12: замечание:   «std::iterator»
In file included from ./topio.cpp:8:0:
include/lexical.hpp:66:35: ошибка: нет декларации «iterator» в этой области видимости
include/lexical.hpp:66:35: замечание: suggested alternatives:
In file included from /usr/lib/gcc/x86_64-pc-linux-gnu/4.7.3/include/g++-v4/bits/stl_algobase.h:66:0,
                 from /usr/lib/gcc/x86_64-pc-linux-gnu/4.7.3/include/g++-v4/bits/char_traits.h:41,
                 from /usr/lib/gcc/x86_64-pc-linux-gnu/4.7.3/include/g++-v4/ios:41,
                 from /usr/lib/gcc/x86_64-pc-linux-gnu/4.7.3/include/g++-v4/ostream:40,
                 from /usr/lib/gcc/x86_64-pc-linux-gnu/4.7.3/include/g++-v4/iostream:40,
                 from include/global.hpp:11,
                 from include/topio.hpp:4,
                 from ./topio.cpp:1:
/usr/lib/gcc/x86_64-pc-linux-gnu/4.7.3/include/g++-v4/bits/stl_iterator_base_types.h:119:12: замечание:   «std::iterator»
/usr/lib/gcc/x86_64-pc-linux-gnu/4.7.3/include/g++-v4/bits/stl_iterator_base_types.h:119:12: замечание:   «std::iterator»
In file included from /usr/include/boost/iterator/iterator_facade.hpp:10:0,
                 from /usr/include/boost/range/iterator_range_core.hpp:23,
                 from /usr/include/boost/lexical_cast.hpp:169,
                 from include/global.hpp:20,
                 from include/topio.hpp:4,
                 from ./topio.cpp:1:
/usr/include/boost/iterator.hpp:55:10: замечание:   «boost::iterator»
In file included from /usr/lib/gcc/x86_64-pc-linux-gnu/4.7.3/include/g++-v4/bits/stl_algobase.h:66:0,
                 from /usr/lib/gcc/x86_64-pc-linux-gnu/4.7.3/include/g++-v4/bits/char_traits.h:41,
                 from /usr/lib/gcc/x86_64-pc-linux-gnu/4.7.3/include/g++-v4/ios:41,
                 from /usr/lib/gcc/x86_64-pc-linux-gnu/4.7.3/include/g++-v4/ostream:40,
                 from /usr/lib/gcc/x86_64-pc-linux-gnu/4.7.3/include/g++-v4/iostream:40,
                 from include/global.hpp:11,
                 from include/topio.hpp:4,
                 from ./topio.cpp:1:
/usr/lib/gcc/x86_64-pc-linux-gnu/4.7.3/include/g++-v4/bits/stl_iterator_base_types.h:119:12: замечание:   «std::iterator»
In file included from ./topio.cpp:8:0:
include/lexical.hpp:73:25: ошибка: переменная или поле «block_start» объявлено void
include/lexical.hpp:73:25: ошибка: нет декларации «iterator» в этой области видимости
include/lexical.hpp:73:25: замечание: suggested alternatives:
In file included from /usr/lib/gcc/x86_64-pc-linux-gnu/4.7.3/include/g++-v4/bits/stl_algobase.h:66:0,
                 from /usr/lib/gcc/x86_64-pc-linux-gnu/4.7.3/include/g++-v4/bits/char_traits.h:41,
                 from /usr/lib/gcc/x86_64-pc-linux-gnu/4.7.3/include/g++-v4/ios:41,
                 from /usr/lib/gcc/x86_64-pc-linux-gnu/4.7.3/include/g++-v4/ostream:40,
                 from /usr/lib/gcc/x86_64-pc-linux-gnu/4.7.3/include/g++-v4/iostream:40,
                 from include/global.hpp:11,
                 from include/topio.hpp:4,
                 from ./topio.cpp:1:
/usr/lib/gcc/x86_64-pc-linux-gnu/4.7.3/include/g++-v4/bits/stl_iterator_base_types.h:119:12: замечание:   «std::iterator»
/usr/lib/gcc/x86_64-pc-linux-gnu/4.7.3/include/g++-v4/bits/stl_iterator_base_types.h:119:12: замечание:   «std::iterator»
In file included from /usr/include/boost/iterator/iterator_facade.hpp:10:0,
                 from /usr/include/boost/range/iterator_range_core.hpp:23,
                 from /usr/include/boost/lexical_cast.hpp:169,
                 from include/global.hpp:20,
                 from include/topio.hpp:4,
                 from ./topio.cpp:1:
/usr/include/boost/iterator.hpp:55:10: замечание:   «boost::iterator»
In file included from /usr/lib/gcc/x86_64-pc-linux-gnu/4.7.3/include/g++-v4/bits/stl_algobase.h:66:0,
                 from /usr/lib/gcc/x86_64-pc-linux-gnu/4.7.3/include/g++-v4/bits/char_traits.h:41,
                 from /usr/lib/gcc/x86_64-pc-linux-gnu/4.7.3/include/g++-v4/ios:41,
                 from /usr/lib/gcc/x86_64-pc-linux-gnu/4.7.3/include/g++-v4/ostream:40,
                 from /usr/lib/gcc/x86_64-pc-linux-gnu/4.7.3/include/g++-v4/iostream:40,
                 from include/global.hpp:11,
                 from include/topio.hpp:4,
                 from ./topio.cpp:1:
/usr/lib/gcc/x86_64-pc-linux-gnu/4.7.3/include/g++-v4/bits/stl_iterator_base_types.h:119:12: замечание:   «std::iterator»
In file included from ./topio.cpp:8:0:
include/lexical.hpp:73:37: ошибка: нет декларации «iterator» в этой области видимости
include/lexical.hpp:73:37: замечание: suggested alternatives:
In file included from /usr/lib/gcc/x86_64-pc-linux-gnu/4.7.3/include/g++-v4/bits/stl_algobase.h:66:0,
                 from /usr/lib/gcc/x86_64-pc-linux-gnu/4.7.3/include/g++-v4/bits/char_traits.h:41,
                 from /usr/lib/gcc/x86_64-pc-linux-gnu/4.7.3/include/g++-v4/ios:41,
                 from /usr/lib/gcc/x86_64-pc-linux-gnu/4.7.3/include/g++-v4/ostream:40,
                 from /usr/lib/gcc/x86_64-pc-linux-gnu/4.7.3/include/g++-v4/iostream:40,
                 from include/global.hpp:11,
                 from include/topio.hpp:4,
                 from ./topio.cpp:1:
/usr/lib/gcc/x86_64-pc-linux-gnu/4.7.3/include/g++-v4/bits/stl_iterator_base_types.h:119:12: замечание:   «std::iterator»
/usr/lib/gcc/x86_64-pc-linux-gnu/4.7.3/include/g++-v4/bits/stl_iterator_base_types.h:119:12: замечание:   «std::iterator»
In file included from /usr/include/boost/iterator/iterator_facade.hpp:10:0,
                 from /usr/include/boost/range/iterator_range_core.hpp:23,
                 from /usr/include/boost/lexical_cast.hpp:169,
                 from include/global.hpp:20,
                 from include/topio.hpp:4,
                 from ./topio.cpp:1:
/usr/include/boost/iterator.hpp:55:10: замечание:   «boost::iterator»
In file included from /usr/lib/gcc/x86_64-pc-linux-gnu/4.7.3/include/g++-v4/bits/stl_algobase.h:66:0,
                 from /usr/lib/gcc/x86_64-pc-linux-gnu/4.7.3/include/g++-v4/bits/char_traits.h:41,
                 from /usr/lib/gcc/x86_64-pc-linux-gnu/4.7.3/include/g++-v4/ios:41,
                 from /usr/lib/gcc/x86_64-pc-linux-gnu/4.7.3/include/g++-v4/ostream:40,
                 from /usr/lib/gcc/x86_64-pc-linux-gnu/4.7.3/include/g++-v4/iostream:40,
                 from include/global.hpp:11,
                 from include/topio.hpp:4,
                 from ./topio.cpp:1:
/usr/lib/gcc/x86_64-pc-linux-gnu/4.7.3/include/g++-v4/bits/stl_iterator_base_types.h:119:12: замечание:   «std::iterator»
In file included from ./topio.cpp:8:0:
include/lexical.hpp:81:24: ошибка: переменная или поле «block_stop» объявлено void
include/lexical.hpp:81:24: ошибка: нет декларации «iterator» в этой области видимости
include/lexical.hpp:81:24: замечание: suggested alternatives:
In file included from /usr/lib/gcc/x86_64-pc-linux-gnu/4.7.3/include/g++-v4/bits/stl_algobase.h:66:0,
                 from /usr/lib/gcc/x86_64-pc-linux-gnu/4.7.3/include/g++-v4/bits/char_traits.h:41,
                 from /usr/lib/gcc/x86_64-pc-linux-gnu/4.7.3/include/g++-v4/ios:41,
                 from /usr/lib/gcc/x86_64-pc-linux-gnu/4.7.3/include/g++-v4/ostream:40,
                 from /usr/lib/gcc/x86_64-pc-linux-gnu/4.7.3/include/g++-v4/iostream:40,
                 from include/global.hpp:11,
                 from include/topio.hpp:4,
                 from ./topio.cpp:1:
/usr/lib/gcc/x86_64-pc-linux-gnu/4.7.3/include/g++-v4/bits/stl_iterator_base_types.h:119:12: замечание:   «std::iterator»
/usr/lib/gcc/x86_64-pc-linux-gnu/4.7.3/include/g++-v4/bits/stl_iterator_base_types.h:119:12: замечание:   «std::iterator»
In file included from /usr/include/boost/iterator/iterator_facade.hpp:10:0,
                 from /usr/include/boost/range/iterator_range_core.hpp:23,
                 from /usr/include/boost/lexical_cast.hpp:169,
                 from include/global.hpp:20,
                 from include/topio.hpp:4,
                 from ./topio.cpp:1:
/usr/include/boost/iterator.hpp:55:10: замечание:   «boost::iterator»
In file included from /usr/lib/gcc/x86_64-pc-linux-gnu/4.7.3/include/g++-v4/bits/stl_algobase.h:66:0,
                 from /usr/lib/gcc/x86_64-pc-linux-gnu/4.7.3/include/g++-v4/bits/char_traits.h:41,
                 from /usr/lib/gcc/x86_64-pc-linux-gnu/4.7.3/include/g++-v4/ios:41,
                 from /usr/lib/gcc/x86_64-pc-linux-gnu/4.7.3/include/g++-v4/ostream:40,
                 from /usr/lib/gcc/x86_64-pc-linux-gnu/4.7.3/include/g++-v4/iostream:40,
                 from include/global.hpp:11,
                 from include/topio.hpp:4,
                 from ./topio.cpp:1:
/usr/lib/gcc/x86_64-pc-linux-gnu/4.7.3/include/g++-v4/bits/stl_iterator_base_types.h:119:12: замечание:   «std::iterator»
In file included from ./topio.cpp:8:0:
include/lexical.hpp:81:36: ошибка: нет декларации «iterator» в этой области видимости
include/lexical.hpp:81:36: замечание: suggested alternatives:
In file included from /usr/lib/gcc/x86_64-pc-linux-gnu/4.7.3/include/g++-v4/bits/stl_algobase.h:66:0,
                 from /usr/lib/gcc/x86_64-pc-linux-gnu/4.7.3/include/g++-v4/bits/char_traits.h:41,
                 from /usr/lib/gcc/x86_64-pc-linux-gnu/4.7.3/include/g++-v4/ios:41,
                 from /usr/lib/gcc/x86_64-pc-linux-gnu/4.7.3/include/g++-v4/ostream:40,
                 from /usr/lib/gcc/x86_64-pc-linux-gnu/4.7.3/include/g++-v4/iostream:40,
                 from include/global.hpp:11,
                 from include/topio.hpp:4,
                 from ./topio.cpp:1:
/usr/lib/gcc/x86_64-pc-linux-gnu/4.7.3/include/g++-v4/bits/stl_iterator_base_types.h:119:12: замечание:   «std::iterator»
/usr/lib/gcc/x86_64-pc-linux-gnu/4.7.3/include/g++-v4/bits/stl_iterator_base_types.h:119:12: замечание:   «std::iterator»
In file included from /usr/include/boost/iterator/iterator_facade.hpp:10:0,
                 from /usr/include/boost/range/iterator_range_core.hpp:23,
                 from /usr/include/boost/lexical_cast.hpp:169,
                 from include/global.hpp:20,
                 from include/topio.hpp:4,
                 from ./topio.cpp:1:
/usr/include/boost/iterator.hpp:55:10: замечание:   «boost::iterator»
In file included from /usr/lib/gcc/x86_64-pc-linux-gnu/4.7.3/include/g++-v4/bits/stl_algobase.h:66:0,
                 from /usr/lib/gcc/x86_64-pc-linux-gnu/4.7.3/include/g++-v4/bits/char_traits.h:41,
                 from /usr/lib/gcc/x86_64-pc-linux-gnu/4.7.3/include/g++-v4/ios:41,
                 from /usr/lib/gcc/x86_64-pc-linux-gnu/4.7.3/include/g++-v4/ostream:40,
                 from /usr/lib/gcc/x86_64-pc-linux-gnu/4.7.3/include/g++-v4/iostream:40,
                 from include/global.hpp:11,
                 from include/topio.hpp:4,
                 from ./topio.cpp:1:
/usr/lib/gcc/x86_64-pc-linux-gnu/4.7.3/include/g++-v4/bits/stl_iterator_base_types.h:119:12: замечание:   «std::iterator»
In file included from ./topio.cpp:8:0:
include/lexical.hpp:87:23: ошибка: переменная или поле «val_print» объявлено void
include/lexical.hpp:87:23: ошибка: нет декларации «iterator» в этой области видимости
include/lexical.hpp:87:23: замечание: suggested alternatives:
In file included from /usr/lib/gcc/x86_64-pc-linux-gnu/4.7.3/include/g++-v4/bits/stl_algobase.h:66:0,
                 from /usr/lib/gcc/x86_64-pc-linux-gnu/4.7.3/include/g++-v4/bits/char_traits.h:41,
                 from /usr/lib/gcc/x86_64-pc-linux-gnu/4.7.3/include/g++-v4/ios:41,
                 from /usr/lib/gcc/x86_64-pc-linux-gnu/4.7.3/include/g++-v4/ostream:40,
                 from /usr/lib/gcc/x86_64-pc-linux-gnu/4.7.3/include/g++-v4/iostream:40,
                 from include/global.hpp:11,
                 from include/topio.hpp:4,
                 from ./topio.cpp:1:
/usr/lib/gcc/x86_64-pc-linux-gnu/4.7.3/include/g++-v4/bits/stl_iterator_base_types.h:119:12: замечание:   «std::iterator»
/usr/lib/gcc/x86_64-pc-linux-gnu/4.7.3/include/g++-v4/bits/stl_iterator_base_types.h:119:12: замечание:   «std::iterator»
In file included from /usr/include/boost/iterator/iterator_facade.hpp:10:0,
                 from /usr/include/boost/range/iterator_range_core.hpp:23,
                 from /usr/include/boost/lexical_cast.hpp:169,
                 from include/global.hpp:20,
                 from include/topio.hpp:4,
                 from ./topio.cpp:1:
/usr/include/boost/iterator.hpp:55:10: замечание:   «boost::iterator»
In file included from /usr/lib/gcc/x86_64-pc-linux-gnu/4.7.3/include/g++-v4/bits/stl_algobase.h:66:0,
                 from /usr/lib/gcc/x86_64-pc-linux-gnu/4.7.3/include/g++-v4/bits/char_traits.h:41,
                 from /usr/lib/gcc/x86_64-pc-linux-gnu/4.7.3/include/g++-v4/ios:41,
                 from /usr/lib/gcc/x86_64-pc-linux-gnu/4.7.3/include/g++-v4/ostream:40,
                 from /usr/lib/gcc/x86_64-pc-linux-gnu/4.7.3/include/g++-v4/iostream:40,
                 from include/global.hpp:11,
                 from include/topio.hpp:4,
                 from ./topio.cpp:1:
/usr/lib/gcc/x86_64-pc-linux-gnu/4.7.3/include/g++-v4/bits/stl_iterator_base_types.h:119:12: замечание:   «std::iterator»
In file included from ./topio.cpp:8:0:
include/lexical.hpp:87:35: ошибка: нет декларации «iterator» в этой области видимости
include/lexical.hpp:87:35: замечание: suggested alternatives:
In file included from /usr/lib/gcc/x86_64-pc-linux-gnu/4.7.3/include/g++-v4/bits/stl_algobase.h:66:0,
                 from /usr/lib/gcc/x86_64-pc-linux-gnu/4.7.3/include/g++-v4/bits/char_traits.h:41,
                 from /usr/lib/gcc/x86_64-pc-linux-gnu/4.7.3/include/g++-v4/ios:41,
                 from /usr/lib/gcc/x86_64-pc-linux-gnu/4.7.3/include/g++-v4/ostream:40,
                 from /usr/lib/gcc/x86_64-pc-linux-gnu/4.7.3/include/g++-v4/iostream:40,
                 from include/global.hpp:11,
                 from include/topio.hpp:4,
                 from ./topio.cpp:1:
/usr/lib/gcc/x86_64-pc-linux-gnu/4.7.3/include/g++-v4/bits/stl_iterator_base_types.h:119:12: замечание:   «std::iterator»
/usr/lib/gcc/x86_64-pc-linux-gnu/4.7.3/include/g++-v4/bits/stl_iterator_base_types.h:119:12: замечание:   «std::iterator»
In file included from /usr/include/boost/iterator/iterator_facade.hpp:10:0,
                 from /usr/include/boost/range/iterator_range_core.hpp:23,
                 from /usr/include/boost/lexical_cast.hpp:169,
                 from include/global.hpp:20,
                 from include/topio.hpp:4,
                 from ./topio.cpp:1:
/usr/include/boost/iterator.hpp:55:10: замечание:   «boost::iterator»
In file included from /usr/lib/gcc/x86_64-pc-linux-gnu/4.7.3/include/g++-v4/bits/stl_algobase.h:66:0,
                 from /usr/lib/gcc/x86_64-pc-linux-gnu/4.7.3/include/g++-v4/bits/char_traits.h:41,
                 from /usr/lib/gcc/x86_64-pc-linux-gnu/4.7.3/include/g++-v4/ios:41,
                 from /usr/lib/gcc/x86_64-pc-linux-gnu/4.7.3/include/g++-v4/ostream:40,
                 from /usr/lib/gcc/x86_64-pc-linux-gnu/4.7.3/include/g++-v4/iostream:40,
                 from include/global.hpp:11,
                 from include/topio.hpp:4,
                 from ./topio.cpp:1:
/usr/lib/gcc/x86_64-pc-linux-gnu/4.7.3/include/g++-v4/bits/stl_iterator_base_types.h:119:12: замечание:   «std::iterator»
In file included from ./topio.cpp:8:0:
include/lexical.hpp:93:19: ошибка: переменная или поле «print» объявлено void
include/lexical.hpp:93:19: ошибка: нет декларации «iterator» в этой области видимости
include/lexical.hpp:93:19: замечание: suggested alternatives:
In file included from /usr/lib/gcc/x86_64-pc-linux-gnu/4.7.3/include/g++-v4/bits/stl_algobase.h:66:0,
                 from /usr/lib/gcc/x86_64-pc-linux-gnu/4.7.3/include/g++-v4/bits/char_traits.h:41,
                 from /usr/lib/gcc/x86_64-pc-linux-gnu/4.7.3/include/g++-v4/ios:41,
                 from /usr/lib/gcc/x86_64-pc-linux-gnu/4.7.3/include/g++-v4/ostream:40,
                 from /usr/lib/gcc/x86_64-pc-linux-gnu/4.7.3/include/g++-v4/iostream:40,
                 from include/global.hpp:11,
                 from include/topio.hpp:4,
                 from ./topio.cpp:1:
/usr/lib/gcc/x86_64-pc-linux-gnu/4.7.3/include/g++-v4/bits/stl_iterator_base_types.h:119:12: замечание:   «std::iterator»
/usr/lib/gcc/x86_64-pc-linux-gnu/4.7.3/include/g++-v4/bits/stl_iterator_base_types.h:119:12: замечание:   «std::iterator»
In file included from /usr/include/boost/iterator/iterator_facade.hpp:10:0,
                 from /usr/include/boost/range/iterator_range_core.hpp:23,
                 from /usr/include/boost/lexical_cast.hpp:169,
                 from include/global.hpp:20,
                 from include/topio.hpp:4,
                 from ./topio.cpp:1:
/usr/include/boost/iterator.hpp:55:10: замечание:   «boost::iterator»
In file included from /usr/lib/gcc/x86_64-pc-linux-gnu/4.7.3/include/g++-v4/bits/stl_algobase.h:66:0,
                 from /usr/lib/gcc/x86_64-pc-linux-gnu/4.7.3/include/g++-v4/bits/char_traits.h:41,
                 from /usr/lib/gcc/x86_64-pc-linux-gnu/4.7.3/include/g++-v4/ios:41,
                 from /usr/lib/gcc/x86_64-pc-linux-gnu/4.7.3/include/g++-v4/ostream:40,
                 from /usr/lib/gcc/x86_64-pc-linux-gnu/4.7.3/include/g++-v4/iostream:40,
                 from include/global.hpp:11,
                 from include/topio.hpp:4,
                 from ./topio.cpp:1:
/usr/lib/gcc/x86_64-pc-linux-gnu/4.7.3/include/g++-v4/bits/stl_iterator_base_types.h:119:12: замечание:   «std::iterator»
In file included from ./topio.cpp:8:0:
include/lexical.hpp:93:31: ошибка: нет декларации «iterator» в этой области видимости
include/lexical.hpp:93:31: замечание: suggested alternatives:
In file included from /usr/lib/gcc/x86_64-pc-linux-gnu/4.7.3/include/g++-v4/bits/stl_algobase.h:66:0,
                 from /usr/lib/gcc/x86_64-pc-linux-gnu/4.7.3/include/g++-v4/bits/char_traits.h:41,
                 from /usr/lib/gcc/x86_64-pc-linux-gnu/4.7.3/include/g++-v4/ios:41,
                 from /usr/lib/gcc/x86_64-pc-linux-gnu/4.7.3/include/g++-v4/ostream:40,
                 from /usr/lib/gcc/x86_64-pc-linux-gnu/4.7.3/include/g++-v4/iostream:40,
                 from include/global.hpp:11,
                 from include/topio.hpp:4,
                 from ./topio.cpp:1:
/usr/lib/gcc/x86_64-pc-linux-gnu/4.7.3/include/g++-v4/bits/stl_iterator_base_types.h:119:12: замечание:   «std::iterator»
/usr/lib/gcc/x86_64-pc-linux-gnu/4.7.3/include/g++-v4/bits/stl_iterator_base_types.h:119:12: замечание:   «std::iterator»
In file included from /usr/include/boost/iterator/iterator_facade.hpp:10:0,
                 from /usr/include/boost/range/iterator_range_core.hpp:23,
                 from /usr/include/boost/lexical_cast.hpp:169,
                 from include/global.hpp:20,
                 from include/topio.hpp:4,
                 from ./topio.cpp:1:
/usr/include/boost/iterator.hpp:55:10: замечание:   «boost::iterator»
In file included from /usr/lib/gcc/x86_64-pc-linux-gnu/4.7.3/include/g++-v4/bits/stl_algobase.h:66:0,
                 from /usr/lib/gcc/x86_64-pc-linux-gnu/4.7.3/include/g++-v4/bits/char_traits.h:41,
                 from /usr/lib/gcc/x86_64-pc-linux-gnu/4.7.3/include/g++-v4/ios:41,
                 from /usr/lib/gcc/x86_64-pc-linux-gnu/4.7.3/include/g++-v4/ostream:40,
                 from /usr/lib/gcc/x86_64-pc-linux-gnu/4.7.3/include/g++-v4/iostream:40,
                 from include/global.hpp:11,
                 from include/topio.hpp:4,
                 from ./topio.cpp:1:
/usr/lib/gcc/x86_64-pc-linux-gnu/4.7.3/include/g++-v4/bits/stl_iterator_base_types.h:119:12: замечание:   «std::iterator»
In file included from ./topio.cpp:8:0:
include/lexical.hpp:100:22: ошибка: переменная или поле «val_stop» объявлено void
include/lexical.hpp:100:22: ошибка: нет декларации «iterator» в этой области видимости
include/lexical.hpp:100:22: замечание: suggested alternatives:
In file included from /usr/lib/gcc/x86_64-pc-linux-gnu/4.7.3/include/g++-v4/bits/stl_algobase.h:66:0,
                 from /usr/lib/gcc/x86_64-pc-linux-gnu/4.7.3/include/g++-v4/bits/char_traits.h:41,
                 from /usr/lib/gcc/x86_64-pc-linux-gnu/4.7.3/include/g++-v4/ios:41,
                 from /usr/lib/gcc/x86_64-pc-linux-gnu/4.7.3/include/g++-v4/ostream:40,
                 from /usr/lib/gcc/x86_64-pc-linux-gnu/4.7.3/include/g++-v4/iostream:40,
                 from include/global.hpp:11,
                 from include/topio.hpp:4,
                 from ./topio.cpp:1:
/usr/lib/gcc/x86_64-pc-linux-gnu/4.7.3/include/g++-v4/bits/stl_iterator_base_types.h:119:12: замечание:   «std::iterator»
/usr/lib/gcc/x86_64-pc-linux-gnu/4.7.3/include/g++-v4/bits/stl_iterator_base_types.h:119:12: замечание:   «std::iterator»
In file included from /usr/include/boost/iterator/iterator_facade.hpp:10:0,
                 from /usr/include/boost/range/iterator_range_core.hpp:23,
                 from /usr/include/boost/lexical_cast.hpp:169,
                 from include/global.hpp:20,
                 from include/topio.hpp:4,
                 from ./topio.cpp:1:
/usr/include/boost/iterator.hpp:55:10: замечание:   «boost::iterator»
In file included from /usr/lib/gcc/x86_64-pc-linux-gnu/4.7.3/include/g++-v4/bits/stl_algobase.h:66:0,
                 from /usr/lib/gcc/x86_64-pc-linux-gnu/4.7.3/include/g++-v4/bits/char_traits.h:41,
                 from /usr/lib/gcc/x86_64-pc-linux-gnu/4.7.3/include/g++-v4/ios:41,
                 from /usr/lib/gcc/x86_64-pc-linux-gnu/4.7.3/include/g++-v4/ostream:40,
                 from /usr/lib/gcc/x86_64-pc-linux-gnu/4.7.3/include/g++-v4/iostream:40,
                 from include/global.hpp:11,
                 from include/topio.hpp:4,
                 from ./topio.cpp:1:
/usr/lib/gcc/x86_64-pc-linux-gnu/4.7.3/include/g++-v4/bits/stl_iterator_base_types.h:119:12: замечание:   «std::iterator»
In file included from ./topio.cpp:8:0:
include/lexical.hpp:100:32: ошибка: нет декларации «iterator» в этой области видимости
include/lexical.hpp:100:32: замечание: suggested alternatives:
In file included from /usr/lib/gcc/x86_64-pc-linux-gnu/4.7.3/include/g++-v4/bits/stl_algobase.h:66:0,
                 from /usr/lib/gcc/x86_64-pc-linux-gnu/4.7.3/include/g++-v4/bits/char_traits.h:41,
                 from /usr/lib/gcc/x86_64-pc-linux-gnu/4.7.3/include/g++-v4/ios:41,
                 from /usr/lib/gcc/x86_64-pc-linux-gnu/4.7.3/include/g++-v4/ostream:40,
                 from /usr/lib/gcc/x86_64-pc-linux-gnu/4.7.3/include/g++-v4/iostream:40,
                 from include/global.hpp:11,
                 from include/topio.hpp:4,
                 from ./topio.cpp:1:
/usr/lib/gcc/x86_64-pc-linux-gnu/4.7.3/include/g++-v4/bits/stl_iterator_base_types.h:119:12: замечание:   «std::iterator»
/usr/lib/gcc/x86_64-pc-linux-gnu/4.7.3/include/g++-v4/bits/stl_iterator_base_types.h:119:12: замечание:   «std::iterator»
In file included from /usr/include/boost/iterator/iterator_facade.hpp:10:0,
                 from /usr/include/boost/range/iterator_range_core.hpp:23,
                 from /usr/include/boost/lexical_cast.hpp:169,
                 from include/global.hpp:20,
                 from include/topio.hpp:4,
                 from ./topio.cpp:1:
/usr/include/boost/iterator.hpp:55:10: замечание:   «boost::iterator»
In file included from /usr/lib/gcc/x86_64-pc-linux-gnu/4.7.3/include/g++-v4/bits/stl_algobase.h:66:0,
                 from /usr/lib/gcc/x86_64-pc-linux-gnu/4.7.3/include/g++-v4/bits/char_traits.h:41,
                 from /usr/lib/gcc/x86_64-pc-linux-gnu/4.7.3/include/g++-v4/ios:41,
                 from /usr/lib/gcc/x86_64-pc-linux-gnu/4.7.3/include/g++-v4/ostream:40,
                 from /usr/lib/gcc/x86_64-pc-linux-gnu/4.7.3/include/g++-v4/iostream:40,
                 from include/global.hpp:11,
                 from include/topio.hpp:4,
                 from ./topio.cpp:1:
/usr/lib/gcc/x86_64-pc-linux-gnu/4.7.3/include/g++-v4/bits/stl_iterator_base_types.h:119:12: замечание:   «std::iterator»
In file included from ./topio.cpp:8:0:
include/lexical.hpp:206:12: ошибка: «ref_const_ref_value_actor» не является именем типа
include/lexical.hpp:244:12: ошибка: «ref_const_ref_value_actor» не является именем типа
include/lexical.hpp:273:12: ошибка: «ref_value_actor» не является именем типа
include/lexical.hpp:278:12: ошибка: «ref_const_ref_actor» не является именем типа
include/lexical.hpp:288:2: ошибка: «rule_t» не является именем типа
include/lexical.hpp:292:2: ошибка: «rule_t» не является именем типа
include/lexical.hpp:300:53: ошибка: «rule_t» не был декларирован
include/lexical.hpp: In constructor «lex::single_block::single_block(const char*, int)»:
include/lexical.hpp:297:3: ошибка: нет декларации «rules» в этой области видимости
include/lexical.hpp:297:15: ошибка: expected type-specifier before «rule_t»
include/lexical.hpp:297:15: ошибка: expected «;» before «rule_t»
include/lexical.hpp: В функции «lex::single_block& lex::operator<<(lex::single_block&, int)»:
include/lexical.hpp:301:5: ошибка: «struct lex::single_block» has no member named «rules»
include/lexical.hpp: В функции «lex::single_block& lex::operator<<(lex::single_block&, lex::manipulator)»:
include/lexical.hpp:309:6: ошибка: «struct lex::single_block» has no member named «value»
include/lexical.hpp:309:15: ошибка: нет декларации «eol_p» в этой области видимости
include/lexical.hpp:309:15: замечание: suggested alternative:
In file included from /usr/include/boost/spirit/home/classic/core.hpp:32:0,
                 from include/lexical.hpp:19,
                 from ./topio.cpp:8:
/usr/include/boost/spirit/home/classic/core/primitives/primitives.hpp:610:22: замечание:   «boost::spirit::classic::eol_p»
In file included from ./topio.cpp:8:0:
include/lexical.hpp:309:25: ошибка: нет декларации «blank_p» в этой области видимости
include/lexical.hpp:309:25: замечание: suggested alternative:
In file included from /usr/include/boost/spirit/home/classic/core.hpp:32:0,
                 from include/lexical.hpp:19,
                 from ./topio.cpp:8:
/usr/include/boost/spirit/home/classic/core/primitives/primitives.hpp:511:24: замечание:   «boost::spirit::classic::blank_p»
In file included from ./topio.cpp:8:0:
include/lexical.hpp:309:59: ошибка: нет декларации «str_p» в этой области видимости
include/lexical.hpp:309:59: замечание: suggested alternative:
In file included from /usr/include/boost/spirit/home/classic/core.hpp:32:0,
                 from include/lexical.hpp:19,
                 from ./topio.cpp:8:
/usr/include/boost/spirit/home/classic/core/primitives/primitives.hpp:281:5: замечание:   «boost::spirit::classic::str_p»
In file included from ./topio.cpp:8:0:
include/lexical.hpp:310:30: ошибка: «block_start» не является элементом «lex::echo»
include/lexical.hpp:312:4: ошибка: нет декларации «rule_t» в этой области видимости
include/lexical.hpp:312:11: ошибка: expected «;» before «sin»
include/lexical.hpp:314:15: ошибка: запрос элемента «copy» в «sin», имеющего не классовый тип «double(double)throw ()»
include/lexical.hpp:314:26: ошибка: «struct lex::single_block» has no member named «rules»
include/lexical.hpp:315:6: ошибка: «struct lex::single_block» has no member named «value»
include/lexical.hpp:315:16: ошибка: «struct lex::single_block» has no member named «value»
include/lexical.hpp:315:56: ошибка: нет декларации «repeat_p» в этой области видимости
include/lexical.hpp:315:56: замечание: suggested alternative:
In file included from /usr/include/boost/spirit/home/classic/utility.hpp:30:0,
                 from include/lexical.hpp:29,
                 from ./topio.cpp:8:
/usr/include/boost/spirit/home/classic/utility/loops.hpp:308:5: замечание:   «boost::spirit::classic::repeat_p»
In file included from ./topio.cpp:8:0:
include/lexical.hpp:315:62: ошибка: запрос элемента «copy» в «sin», имеющего не классовый тип «double(double)throw ()»
include/lexical.hpp:316:72: ошибка: «block_stop» не является элементом «lex::echo»
include/lexical.hpp: In destructor «lex::single_block::~single_block()»:
include/lexical.hpp:323:12: ошибка: нет декларации «rules» в этой области видимости
include/lexical.hpp: At global scope:
include/lexical.hpp:329:8: ошибка: «ref_value_actor» не является именем типа
include/lexical.hpp:335:8: ошибка: «rule_t» не является именем типа
include/lexical.hpp:361:8: ошибка: «rule_t» не является именем типа
include/lexical.hpp:386:8: ошибка: «rule_t» не является именем типа
include/lexical.hpp:418:8: ошибка: «rule_t» не является именем типа
include/lexical.hpp:444:8: ошибка: «rule_t» не является именем типа
include/lexical.hpp:471:8: ошибка: «rule_t» не является именем типа
include/lexical.hpp:485:8: ошибка: «rule_t» не является именем типа
./topio.cpp: В функции «void tpp::load_hessian(boost::numeric::ublas::matrix<double>&, const char*)»:
./topio.cpp:310:3: ошибка: «iterator» не является элементом «lex»
./topio.cpp:310:3: замечание: suggested alternatives:
In file included from /usr/lib/gcc/x86_64-pc-linux-gnu/4.7.3/include/g++-v4/bits/stl_algobase.h:66:0,
                 from /usr/lib/gcc/x86_64-pc-linux-gnu/4.7.3/include/g++-v4/bits/char_traits.h:41,
                 from /usr/lib/gcc/x86_64-pc-linux-gnu/4.7.3/include/g++-v4/ios:41,
                 from /usr/lib/gcc/x86_64-pc-linux-gnu/4.7.3/include/g++-v4/ostream:40,
                 from /usr/lib/gcc/x86_64-pc-linux-gnu/4.7.3/include/g++-v4/iostream:40,
                 from include/global.hpp:11,
                 from include/topio.hpp:4,
                 from ./topio.cpp:1:
/usr/lib/gcc/x86_64-pc-linux-gnu/4.7.3/include/g++-v4/bits/stl_iterator_base_types.h:119:12: замечание:   «std::iterator»
/usr/lib/gcc/x86_64-pc-linux-gnu/4.7.3/include/g++-v4/bits/stl_iterator_base_types.h:119:12: замечание:   «std::iterator»
In file included from /usr/include/boost/iterator/iterator_facade.hpp:10:0,
                 from /usr/include/boost/range/iterator_range_core.hpp:23,
                 from /usr/include/boost/lexical_cast.hpp:169,
                 from include/global.hpp:20,
                 from include/topio.hpp:4,
                 from ./topio.cpp:1:
/usr/include/boost/iterator.hpp:55:10: замечание:   «boost::iterator»
In file included from /usr/lib/gcc/x86_64-pc-linux-gnu/4.7.3/include/g++-v4/bits/stl_algobase.h:66:0,
                 from /usr/lib/gcc/x86_64-pc-linux-gnu/4.7.3/include/g++-v4/bits/char_traits.h:41,
                 from /usr/lib/gcc/x86_64-pc-linux-gnu/4.7.3/include/g++-v4/ios:41,
                 from /usr/lib/gcc/x86_64-pc-linux-gnu/4.7.3/include/g++-v4/ostream:40,
                 from /usr/lib/gcc/x86_64-pc-linux-gnu/4.7.3/include/g++-v4/iostream:40,
                 from include/global.hpp:11,
                 from include/topio.hpp:4,
                 from ./topio.cpp:1:
/usr/lib/gcc/x86_64-pc-linux-gnu/4.7.3/include/g++-v4/bits/stl_iterator_base_types.h:119:12: замечание:   «std::iterator»
./topio.cpp:310:17: ошибка: expected «;» before «first»
./topio.cpp:311:3: ошибка: «iterator» не является элементом «lex»
./topio.cpp:311:3: замечание: suggested alternatives:
In file included from /usr/lib/gcc/x86_64-pc-linux-gnu/4.7.3/include/g++-v4/bits/stl_algobase.h:66:0,
                 from /usr/lib/gcc/x86_64-pc-linux-gnu/4.7.3/include/g++-v4/bits/char_traits.h:41,
                 from /usr/lib/gcc/x86_64-pc-linux-gnu/4.7.3/include/g++-v4/ios:41,
                 from /usr/lib/gcc/x86_64-pc-linux-gnu/4.7.3/include/g++-v4/ostream:40,
                 from /usr/lib/gcc/x86_64-pc-linux-gnu/4.7.3/include/g++-v4/iostream:40,
                 from include/global.hpp:11,
                 from include/topio.hpp:4,
                 from ./topio.cpp:1:
/usr/lib/gcc/x86_64-pc-linux-gnu/4.7.3/include/g++-v4/bits/stl_iterator_base_types.h:119:12: замечание:   «std::iterator»
/usr/lib/gcc/x86_64-pc-linux-gnu/4.7.3/include/g++-v4/bits/stl_iterator_base_types.h:119:12: замечание:   «std::iterator»
In file included from /usr/include/boost/iterator/iterator_facade.hpp:10:0,
                 from /usr/include/boost/range/iterator_range_core.hpp:23,
                 from /usr/include/boost/lexical_cast.hpp:169,
                 from include/global.hpp:20,
                 from include/topio.hpp:4,
                 from ./topio.cpp:1:
/usr/include/boost/iterator.hpp:55:10: замечание:   «boost::iterator»
In file included from /usr/lib/gcc/x86_64-pc-linux-gnu/4.7.3/include/g++-v4/bits/stl_algobase.h:66:0,
                 from /usr/lib/gcc/x86_64-pc-linux-gnu/4.7.3/include/g++-v4/bits/char_traits.h:41,
                 from /usr/lib/gcc/x86_64-pc-linux-gnu/4.7.3/include/g++-v4/ios:41,
                 from /usr/lib/gcc/x86_64-pc-linux-gnu/4.7.3/include/g++-v4/ostream:40,
                 from /usr/lib/gcc/x86_64-pc-linux-gnu/4.7.3/include/g++-v4/iostream:40,
                 from include/global.hpp:11,
                 from include/topio.hpp:4,
                 from ./topio.cpp:1:
/usr/lib/gcc/x86_64-pc-linux-gnu/4.7.3/include/g++-v4/bits/stl_iterator_base_types.h:119:12: замечание:   «std::iterator»
./topio.cpp:311:17: ошибка: expected «;» before «last»
./topio.cpp:312:3: ошибка: «rule_r» не является элементом «lex»
./topio.cpp:312:15: ошибка: expected «;» before «soms»
./topio.cpp:315:3: ошибка: нет декларации «soms» в этой области видимости
./topio.cpp:315:15: ошибка: нет декларации «anychar_p» в этой области видимости
./topio.cpp:315:15: замечание: suggested alternative:
In file included from /usr/include/boost/spirit/home/classic/core.hpp:32:0,
                 from include/lexical.hpp:19,
                 from ./topio.cpp:8:
/usr/include/boost/spirit/home/classic/core/primitives/primitives.hpp:325:26: замечание:   «boost::spirit::classic::anychar_p»
./topio.cpp:315:27: ошибка: нет декларации «eol_p» в этой области видимости
./topio.cpp:315:27: замечание: suggested alternative:
In file included from /usr/include/boost/spirit/home/classic/core.hpp:32:0,
                 from include/lexical.hpp:19,
                 from ./topio.cpp:8:
/usr/include/boost/spirit/home/classic/core/primitives/primitives.hpp:610:22: замечание:   «boost::spirit::classic::eol_p»
./topio.cpp:315:40: ошибка: нет декларации «blank_p» в этой области видимости
./topio.cpp:315:40: замечание: suggested alternative:
In file included from /usr/include/boost/spirit/home/classic/core.hpp:32:0,
                 from include/lexical.hpp:19,
                 from ./topio.cpp:8:
/usr/include/boost/spirit/home/classic/core/primitives/primitives.hpp:511:24: замечание:   «boost::spirit::classic::blank_p»
./topio.cpp:315:90: ошибка: нет декларации «str_p» в этой области видимости
./topio.cpp:315:90: замечание: suggested alternative:
In file included from /usr/include/boost/spirit/home/classic/core.hpp:32:0,
                 from include/lexical.hpp:19,
                 from ./topio.cpp:8:
/usr/include/boost/spirit/home/classic/core/primitives/primitives.hpp:281:5: замечание:   «boost::spirit::classic::str_p»
./topio.cpp:316:3: ошибка: нет декларации «common» в этой области видимости
./topio.cpp:321:20: ошибка: нет декларации «uint_p» в этой области видимости
./topio.cpp:321:20: замечание: suggested alternative:
In file included from /usr/include/boost/spirit/home/classic/core.hpp:33:0,
                 from include/lexical.hpp:19,
                 from ./topio.cpp:8:
/usr/include/boost/spirit/home/classic/core/primitives/numerics.hpp:95:9: замечание:   «boost::spirit::classic::uint_p»
./topio.cpp:321:41: ошибка: нет декларации «assign_a» в этой области видимости
./topio.cpp:321:41: замечание: suggested alternative:
In file included from /usr/include/boost/spirit/home/classic/core.hpp:63:0,
                 from include/lexical.hpp:19,
                 from ./topio.cpp:8:
/usr/include/boost/spirit/home/classic/actor/assign_actor.hpp:88:56: замечание:   «boost::spirit::classic::assign_a»
./topio.cpp:321:92: ошибка: «val_print» не является элементом «lex::echo»
./topio.cpp:322:21: ошибка: нет декларации «alnum_p» в этой области видимости
./topio.cpp:322:21: замечание: suggested alternative:
In file included from /usr/include/boost/spirit/home/classic/core.hpp:32:0,
                 from include/lexical.hpp:19,
                 from ./topio.cpp:8:
/usr/include/boost/spirit/home/classic/core/primitives/primitives.hpp:351:24: замечание:   «boost::spirit::classic::alnum_p»
./topio.cpp:322:79: ошибка: «val_print» не является элементом «lex::echo»
./topio.cpp:324:18: ошибка: «more» не является элементом «boost::spirit»
./topio.cpp:324:18: замечание: suggested alternative:
In file included from /usr/include/boost/spirit/home/classic/utility.hpp:30:0,
                 from include/lexical.hpp:29,
                 from ./topio.cpp:8:
/usr/include/boost/spirit/home/classic/utility/loops.hpp:187:18: замечание:   «boost::spirit::classic::more»
./topio.cpp:324:37: ошибка: нет декларации «repeat_p» в этой области видимости
./topio.cpp:324:37: замечание: suggested alternative:
In file included from /usr/include/boost/spirit/home/classic/utility.hpp:30:0,
                 from include/lexical.hpp:29,
                 from ./topio.cpp:8:
/usr/include/boost/spirit/home/classic/utility/loops.hpp:308:5: замечание:   «boost::spirit::classic::repeat_p»
./topio.cpp:326:110: ошибка: «val_print» не является элементом «lex::echo»
./topio.cpp:327:28: ошибка: нет декларации «ch_p» в этой области видимости
./topio.cpp:327:28: замечание: suggested alternative:
In file included from /usr/include/boost/spirit/home/classic/core.hpp:32:0,
                 from include/lexical.hpp:19,
                 from ./topio.cpp:8:
/usr/include/boost/spirit/home/classic/core/primitives/primitives.hpp:136:5: замечание:   «boost::spirit::classic::ch_p»
./topio.cpp:327:56: ошибка: нет декларации «increment_a» в этой области видимости
./topio.cpp:327:56: замечание: suggested alternative:
In file included from include/lexical.hpp:24:0,
                 from ./topio.cpp:8:
/usr/include/boost/spirit/home/classic/actor/increment_actor.hpp:51:42: замечание:   «boost::spirit::classic::increment_a»
./topio.cpp:328:47: ошибка: нет декларации «strict_real_p» в этой области видимости
./topio.cpp:328:47: замечание: suggested alternative:
In file included from /usr/include/boost/spirit/home/classic/core.hpp:33:0,
                 from include/lexical.hpp:19,
                 from ./topio.cpp:8:
/usr/include/boost/spirit/home/classic/core/primitives/numerics.hpp:282:9: замечание:   «boost::spirit::classic::strict_real_p»
./topio.cpp:334:2: ошибка: нет декларации «parse_info» в этой области видимости
./topio.cpp:334:2: замечание: suggested alternative:
In file included from /usr/include/boost/spirit/home/classic/core.hpp:29:0,
                 from include/lexical.hpp:19,
                 from ./topio.cpp:8:
/usr/include/boost/spirit/home/classic/core/parser.hpp:169:12: замечание:   «boost::spirit::classic::parse_info»
./topio.cpp:334:13: ошибка: «iterator» не является элементом «lex»
./topio.cpp:334:13: замечание: suggested alternatives:
In file included from /usr/lib/gcc/x86_64-pc-linux-gnu/4.7.3/include/g++-v4/bits/stl_algobase.h:66:0,
                 from /usr/lib/gcc/x86_64-pc-linux-gnu/4.7.3/include/g++-v4/bits/char_traits.h:41,
                 from /usr/lib/gcc/x86_64-pc-linux-gnu/4.7.3/include/g++-v4/ios:41,
                 from /usr/lib/gcc/x86_64-pc-linux-gnu/4.7.3/include/g++-v4/ostream:40,
                 from /usr/lib/gcc/x86_64-pc-linux-gnu/4.7.3/include/g++-v4/iostream:40,
                 from include/global.hpp:11,
                 from include/topio.hpp:4,
                 from ./topio.cpp:1:
/usr/lib/gcc/x86_64-pc-linux-gnu/4.7.3/include/g++-v4/bits/stl_iterator_base_types.h:119:12: замечание:   «std::iterator»
/usr/lib/gcc/x86_64-pc-linux-gnu/4.7.3/include/g++-v4/bits/stl_iterator_base_types.h:119:12: замечание:   «std::iterator»
In file included from /usr/include/boost/iterator/iterator_facade.hpp:10:0,
                 from /usr/include/boost/range/iterator_range_core.hpp:23,
                 from /usr/include/boost/lexical_cast.hpp:169,
                 from include/global.hpp:20,
                 from include/topio.hpp:4,
                 from ./topio.cpp:1:
/usr/include/boost/iterator.hpp:55:10: замечание:   «boost::iterator»
In file included from /usr/lib/gcc/x86_64-pc-linux-gnu/4.7.3/include/g++-v4/bits/stl_algobase.h:66:0,
                 from /usr/lib/gcc/x86_64-pc-linux-gnu/4.7.3/include/g++-v4/bits/char_traits.h:41,
                 from /usr/lib/gcc/x86_64-pc-linux-gnu/4.7.3/include/g++-v4/ios:41,
                 from /usr/lib/gcc/x86_64-pc-linux-gnu/4.7.3/include/g++-v4/ostream:40,
                 from /usr/lib/gcc/x86_64-pc-linux-gnu/4.7.3/include/g++-v4/iostream:40,
                 from include/global.hpp:11,
                 from include/topio.hpp:4,
                 from ./topio.cpp:1:
/usr/lib/gcc/x86_64-pc-linux-gnu/4.7.3/include/g++-v4/bits/stl_iterator_base_types.h:119:12: замечание:   «std::iterator»
./topio.cpp:334:28: ошибка: нет декларации «info» в этой области видимости
./topio.cpp:337:17: ошибка: нет декларации «first» в этой области видимости
./topio.cpp:337:17: замечание: suggested alternative:
In file included from /usr/include/boost/mpl/iter_fold_if.hpp:23:0,
                 from /usr/include/boost/mpl/find_if.hpp:19,
                 from /usr/include/boost/mpl/find.hpp:17,
                 from /usr/include/boost/mpl/aux_/contains_impl.hpp:20,
                 from /usr/include/boost/mpl/contains.hpp:20,
                 from /usr/include/boost/math/policies/policy.hpp:10,
                 from /usr/include/boost/math/special_functions/math_fwd.hpp:28,
                 from /usr/include/boost/math/special_functions/sign.hpp:17,
                 from /usr/include/boost/lexical_cast.hpp:167,
                 from include/global.hpp:20,
                 from include/topio.hpp:4,
                 from ./topio.cpp:1:
/usr/include/boost/mpl/pair.hpp:40:8: замечание:   «boost::mpl::first»
./topio.cpp:337:23: ошибка: нет декларации «last» в этой области видимости
./topio.cpp:337:35: ошибка: нет декларации «parse» в этой области видимости
./topio.cpp:337:35: замечание: suggested alternative:
In file included from /usr/include/boost/spirit/home/classic/core/scanner/skipper.hpp:195:0,
                 from /usr/include/boost/spirit/home/classic/core/composite/impl/directives.ipp:16,
                 from /usr/include/boost/spirit/home/classic/core/primitives/primitives.hpp:16,
                 from /usr/include/boost/spirit/home/classic/core.hpp:32,
                 from include/lexical.hpp:19,
                 from ./topio.cpp:8:
/usr/include/boost/spirit/home/classic/core/scanner/impl/skipper.ipp:165:5: замечание:   «boost::spirit::classic::parse»
./topio.cpp:338:11: ошибка: expected type-specifier before «parser_error_base»
./topio.cpp:338:29: ошибка: expected «)» before «&» token
./topio.cpp:338:29: ошибка: expected «{» before «&» token
./topio.cpp:338:30: ошибка: нет декларации «e» в этой области видимости
./topio.cpp:338:31: ошибка: expected «;» before «)» token
./topio.cpp:348:9: ошибка: «iterator» не является элементом «lex»
./topio.cpp:348:9: замечание: suggested alternatives:
In file included from /usr/lib/gcc/x86_64-pc-linux-gnu/4.7.3/include/g++-v4/bits/stl_algobase.h:66:0,
                 from /usr/lib/gcc/x86_64-pc-linux-gnu/4.7.3/include/g++-v4/bits/char_traits.h:41,
                 from /usr/lib/gcc/x86_64-pc-linux-gnu/4.7.3/include/g++-v4/ios:41,
                 from /usr/lib/gcc/x86_64-pc-linux-gnu/4.7.3/include/g++-v4/ostream:40,
                 from /usr/lib/gcc/x86_64-pc-linux-gnu/4.7.3/include/g++-v4/iostream:40,
                 from include/global.hpp:11,
                 from include/topio.hpp:4,
                 from ./topio.cpp:1:
/usr/lib/gcc/x86_64-pc-linux-gnu/4.7.3/include/g++-v4/bits/stl_iterator_base_types.h:119:12: замечание:   «std::iterator»
/usr/lib/gcc/x86_64-pc-linux-gnu/4.7.3/include/g++-v4/bits/stl_iterator_base_types.h:119:12: замечание:   «std::iterator»
In file included from /usr/include/boost/iterator/iterator_facade.hpp:10:0,
                 from /usr/include/boost/range/iterator_range_core.hpp:23,
                 from /usr/include/boost/lexical_cast.hpp:169,
                 from include/global.hpp:20,
                 from include/topio.hpp:4,
                 from ./topio.cpp:1:
/usr/include/boost/iterator.hpp:55:10: замечание:   «boost::iterator»
In file included from /usr/lib/gcc/x86_64-pc-linux-gnu/4.7.3/include/g++-v4/bits/stl_algobase.h:66:0,
                 from /usr/lib/gcc/x86_64-pc-linux-gnu/4.7.3/include/g++-v4/bits/char_traits.h:41,
                 from /usr/lib/gcc/x86_64-pc-linux-gnu/4.7.3/include/g++-v4/ios:41,
                 from /usr/lib/gcc/x86_64-pc-linux-gnu/4.7.3/include/g++-v4/ostream:40,
                 from /usr/lib/gcc/x86_64-pc-linux-gnu/4.7.3/include/g++-v4/iostream:40,
                 from include/global.hpp:11,
                 from include/topio.hpp:4,
                 from ./topio.cpp:1:
/usr/lib/gcc/x86_64-pc-linux-gnu/4.7.3/include/g++-v4/bits/stl_iterator_base_types.h:119:12: замечание:   «std::iterator»
./topio.cpp:348:23: ошибка: expected «;» before «err_it»
./topio.cpp:349:22: ошибка: нет декларации «err_it» в этой области видимости
./topio.cpp:350:12: ошибка: нет декларации «first» в этой области видимости
./topio.cpp:350:12: замечание: suggested alternative:
In file included from /usr/include/boost/mpl/iter_fold_if.hpp:23:0,
                 from /usr/include/boost/mpl/find_if.hpp:19,
                 from /usr/include/boost/mpl/find.hpp:17,
                 from /usr/include/boost/mpl/aux_/contains_impl.hpp:20,
                 from /usr/include/boost/mpl/contains.hpp:20,
                 from /usr/include/boost/math/policies/policy.hpp:10,
                 from /usr/include/boost/math/special_functions/math_fwd.hpp:28,
                 from /usr/include/boost/math/special_functions/sign.hpp:17,
                 from /usr/include/boost/lexical_cast.hpp:167,
                 from include/global.hpp:20,
                 from include/topio.hpp:4,
                 from ./topio.cpp:1:
/usr/include/boost/mpl/pair.hpp:40:8: замечание:   «boost::mpl::first»
./topio.cpp:351:40: ошибка: «iterator» не является элементом «lex»
./topio.cpp:351:40: замечание: suggested alternatives:
In file included from /usr/lib/gcc/x86_64-pc-linux-gnu/4.7.3/include/g++-v4/bits/stl_algobase.h:66:0,
                 from /usr/lib/gcc/x86_64-pc-linux-gnu/4.7.3/include/g++-v4/bits/char_traits.h:41,
                 from /usr/lib/gcc/x86_64-pc-linux-gnu/4.7.3/include/g++-v4/ios:41,
                 from /usr/lib/gcc/x86_64-pc-linux-gnu/4.7.3/include/g++-v4/ostream:40,
                 from /usr/lib/gcc/x86_64-pc-linux-gnu/4.7.3/include/g++-v4/iostream:40,
                 from include/global.hpp:11,
                 from include/topio.hpp:4,
                 from ./topio.cpp:1:
/usr/lib/gcc/x86_64-pc-linux-gnu/4.7.3/include/g++-v4/bits/stl_iterator_base_types.h:119:12: замечание:   «std::iterator»
/usr/lib/gcc/x86_64-pc-linux-gnu/4.7.3/include/g++-v4/bits/stl_iterator_base_types.h:119:12: замечание:   «std::iterator»
In file included from /usr/include/boost/iterator/iterator_facade.hpp:10:0,
                 from /usr/include/boost/range/iterator_range_core.hpp:23,
                 from /usr/include/boost/lexical_cast.hpp:169,
                 from include/global.hpp:20,
                 from include/topio.hpp:4,
                 from ./topio.cpp:1:
/usr/include/boost/iterator.hpp:55:10: замечание:   «boost::iterator»
In file included from /usr/lib/gcc/x86_64-pc-linux-gnu/4.7.3/include/g++-v4/bits/stl_algobase.h:66:0,
                 from /usr/lib/gcc/x86_64-pc-linux-gnu/4.7.3/include/g++-v4/bits/char_traits.h:41,
                 from /usr/lib/gcc/x86_64-pc-linux-gnu/4.7.3/include/g++-v4/ios:41,
                 from /usr/lib/gcc/x86_64-pc-linux-gnu/4.7.3/include/g++-v4/ostream:40,
                 from /usr/lib/gcc/x86_64-pc-linux-gnu/4.7.3/include/g++-v4/iostream:40,
                 from include/global.hpp:11,
                 from include/topio.hpp:4,
                 from ./topio.cpp:1:
/usr/lib/gcc/x86_64-pc-linux-gnu/4.7.3/include/g++-v4/bits/stl_iterator_base_types.h:119:12: замечание:   «std::iterator»
./topio.cpp:351:40: ошибка: «iterator» не является элементом «lex»
./topio.cpp:351:40: замечание: suggested alternatives:
In file included from /usr/lib/gcc/x86_64-pc-linux-gnu/4.7.3/include/g++-v4/bits/stl_algobase.h:66:0,
                 from /usr/lib/gcc/x86_64-pc-linux-gnu/4.7.3/include/g++-v4/bits/char_traits.h:41,
                 from /usr/lib/gcc/x86_64-pc-linux-gnu/4.7.3/include/g++-v4/ios:41,
                 from /usr/lib/gcc/x86_64-pc-linux-gnu/4.7.3/include/g++-v4/ostream:40,
                 from /usr/lib/gcc/x86_64-pc-linux-gnu/4.7.3/include/g++-v4/iostream:40,
                 from include/global.hpp:11,
                 from include/topio.hpp:4,
                 from ./topio.cpp:1:
/usr/lib/gcc/x86_64-pc-linux-gnu/4.7.3/include/g++-v4/bits/stl_iterator_base_types.h:119:12: замечание:   «std::iterator»
/usr/lib/gcc/x86_64-pc-linux-gnu/4.7.3/include/g++-v4/bits/stl_iterator_base_types.h:119:12: замечание:   «std::iterator»
In file included from /usr/include/boost/iterator/iterator_facade.hpp:10:0,
                 from /usr/include/boost/range/iterator_range_core.hpp:23,
                 from /usr/include/boost/lexical_cast.hpp:169,
                 from include/global.hpp:20,
                 from include/topio.hpp:4,
                 from ./topio.cpp:1:
/usr/include/boost/iterator.hpp:55:10: замечание:   «boost::iterator»
In file included from /usr/lib/gcc/x86_64-pc-linux-gnu/4.7.3/include/g++-v4/bits/stl_algobase.h:66:0,
                 from /usr/lib/gcc/x86_64-pc-linux-gnu/4.7.3/include/g++-v4/bits/char_traits.h:41,
                 from /usr/lib/gcc/x86_64-pc-linux-gnu/4.7.3/include/g++-v4/ios:41,
                 from /usr/lib/gcc/x86_64-pc-linux-gnu/4.7.3/include/g++-v4/ostream:40,
                 from /usr/lib/gcc/x86_64-pc-linux-gnu/4.7.3/include/g++-v4/iostream:40,
                 from include/global.hpp:11,
                 from include/topio.hpp:4,
                 from ./topio.cpp:1:
/usr/lib/gcc/x86_64-pc-linux-gnu/4.7.3/include/g++-v4/bits/stl_iterator_base_types.h:119:12: замечание:   «std::iterator»
./topio.cpp:351:65: ошибка: некорректный аргумент шаблона 1
./topio.cpp: В функции «void tpp::load_lack(tpp::t_topology&, const char*)»:
./topio.cpp:385:3: ошибка: «iterator» не является элементом «lex»
./topio.cpp:385:3: замечание: suggested alternatives:
In file included from /usr/lib/gcc/x86_64-pc-linux-gnu/4.7.3/include/g++-v4/bits/stl_algobase.h:66:0,
                 from /usr/lib/gcc/x86_64-pc-linux-gnu/4.7.3/include/g++-v4/bits/char_traits.h:41,
                 from /usr/lib/gcc/x86_64-pc-linux-gnu/4.7.3/include/g++-v4/ios:41,
                 from /usr/lib/gcc/x86_64-pc-linux-gnu/4.7.3/include/g++-v4/ostream:40,
                 from /usr/lib/gcc/x86_64-pc-linux-gnu/4.7.3/include/g++-v4/iostream:40,
                 from include/global.hpp:11,
                 from include/topio.hpp:4,
                 from ./topio.cpp:1:
/usr/lib/gcc/x86_64-pc-linux-gnu/4.7.3/include/g++-v4/bits/stl_iterator_base_types.h:119:12: замечание:   «std::iterator»
/usr/lib/gcc/x86_64-pc-linux-gnu/4.7.3/include/g++-v4/bits/stl_iterator_base_types.h:119:12: замечание:   «std::iterator»
In file included from /usr/include/boost/iterator/iterator_facade.hpp:10:0,
                 from /usr/include/boost/range/iterator_range_core.hpp:23,
                 from /usr/include/boost/lexical_cast.hpp:169,
                 from include/global.hpp:20,
                 from include/topio.hpp:4,
                 from ./topio.cpp:1:
/usr/include/boost/iterator.hpp:55:10: замечание:   «boost::iterator»
In file included from /usr/lib/gcc/x86_64-pc-linux-gnu/4.7.3/include/g++-v4/bits/stl_algobase.h:66:0,
                 from /usr/lib/gcc/x86_64-pc-linux-gnu/4.7.3/include/g++-v4/bits/char_traits.h:41,
                 from /usr/lib/gcc/x86_64-pc-linux-gnu/4.7.3/include/g++-v4/ios:41,
                 from /usr/lib/gcc/x86_64-pc-linux-gnu/4.7.3/include/g++-v4/ostream:40,
                 from /usr/lib/gcc/x86_64-pc-linux-gnu/4.7.3/include/g++-v4/iostream:40,
                 from include/global.hpp:11,
                 from include/topio.hpp:4,
                 from ./topio.cpp:1:
/usr/lib/gcc/x86_64-pc-linux-gnu/4.7.3/include/g++-v4/bits/stl_iterator_base_types.h:119:12: замечание:   «std::iterator»
./topio.cpp:385:17: ошибка: expected «;» before «first»
./topio.cpp:386:3: ошибка: «iterator» не является элементом «lex»
./topio.cpp:386:3: замечание: suggested alternatives:
In file included from /usr/lib/gcc/x86_64-pc-linux-gnu/4.7.3/include/g++-v4/bits/stl_algobase.h:66:0,
                 from /usr/lib/gcc/x86_64-pc-linux-gnu/4.7.3/include/g++-v4/bits/char_traits.h:41,
                 from /usr/lib/gcc/x86_64-pc-linux-gnu/4.7.3/include/g++-v4/ios:41,
                 from /usr/lib/gcc/x86_64-pc-linux-gnu/4.7.3/include/g++-v4/ostream:40,
                 from /usr/lib/gcc/x86_64-pc-linux-gnu/4.7.3/include/g++-v4/iostream:40,
                 from include/global.hpp:11,
                 from include/topio.hpp:4,
                 from ./topio.cpp:1:
/usr/lib/gcc/x86_64-pc-linux-gnu/4.7.3/include/g++-v4/bits/stl_iterator_base_types.h:119:12: замечание:   «std::iterator»
/usr/lib/gcc/x86_64-pc-linux-gnu/4.7.3/include/g++-v4/bits/stl_iterator_base_types.h:119:12: замечание:   «std::iterator»
In file included from /usr/include/boost/iterator/iterator_facade.hpp:10:0,
                 from /usr/include/boost/range/iterator_range_core.hpp:23,
                 from /usr/include/boost/lexical_cast.hpp:169,
                 from include/global.hpp:20,
                 from include/topio.hpp:4,
                 from ./topio.cpp:1:
/usr/include/boost/iterator.hpp:55:10: замечание:   «boost::iterator»
In file included from /usr/lib/gcc/x86_64-pc-linux-gnu/4.7.3/include/g++-v4/bits/stl_algobase.h:66:0,
                 from /usr/lib/gcc/x86_64-pc-linux-gnu/4.7.3/include/g++-v4/bits/char_traits.h:41,
                 from /usr/lib/gcc/x86_64-pc-linux-gnu/4.7.3/include/g++-v4/ios:41,
                 from /usr/lib/gcc/x86_64-pc-linux-gnu/4.7.3/include/g++-v4/ostream:40,
                 from /usr/lib/gcc/x86_64-pc-linux-gnu/4.7.3/include/g++-v4/iostream:40,
                 from include/global.hpp:11,
                 from include/topio.hpp:4,
                 from ./topio.cpp:1:
/usr/lib/gcc/x86_64-pc-linux-gnu/4.7.3/include/g++-v4/bits/stl_iterator_base_types.h:119:12: замечание:   «std::iterator»
./topio.cpp:386:17: ошибка: expected «;» before «last»
./topio.cpp:387:3: ошибка: «rule_r» не является элементом «lex»
./topio.cpp:387:15: ошибка: expected «;» before «clrs»
./topio.cpp:390:3: ошибка: нет декларации «coms» в этой области видимости
./topio.cpp:390:11: ошибка: нет декларации «blank_p» в этой области видимости
./topio.cpp:390:11: замечание: suggested alternative:
In file included from /usr/include/boost/spirit/home/classic/core.hpp:32:0,
                 from include/lexical.hpp:19,
                 from ./topio.cpp:8:
/usr/include/boost/spirit/home/classic/core/primitives/primitives.hpp:511:24: замечание:   «boost::spirit::classic::blank_p»
./topio.cpp:390:30: ошибка: нет декларации «ch_p» в этой области видимости
./topio.cpp:390:30: замечание: suggested alternative:
In file included from /usr/include/boost/spirit/home/classic/core.hpp:32:0,
                 from include/lexical.hpp:19,
                 from ./topio.cpp:8:
/usr/include/boost/spirit/home/classic/core/primitives/primitives.hpp:136:5: замечание:   «boost::spirit::classic::ch_p»
./topio.cpp:390:38: ошибка: нет декларации «anychar_p» в этой области видимости
./topio.cpp:390:38: замечание: suggested alternative:
In file included from /usr/include/boost/spirit/home/classic/core.hpp:32:0,
                 from include/lexical.hpp:19,
                 from ./topio.cpp:8:
/usr/include/boost/spirit/home/classic/core/primitives/primitives.hpp:325:26: замечание:   «boost::spirit::classic::anychar_p»
./topio.cpp:390:50: ошибка: нет декларации «eol_p» в этой области видимости
./topio.cpp:390:50: замечание: suggested alternative:
In file included from /usr/include/boost/spirit/home/classic/core.hpp:32:0,
                 from include/lexical.hpp:19,
                 from ./topio.cpp:8:
/usr/include/boost/spirit/home/classic/core/primitives/primitives.hpp:610:22: замечание:   «boost::spirit::classic::eol_p»
./topio.cpp:390:59: ошибка: «val_print» не является элементом «lex::echo»
./topio.cpp:391:3: ошибка: нет декларации «clrs» в этой области видимости
./topio.cpp:393:3: ошибка: нет декларации «define» в этой области видимости
./topio.cpp:393:40: ошибка: нет декларации «str_p» в этой области видимости
./topio.cpp:393:40: замечание: suggested alternative:
In file included from /usr/include/boost/spirit/home/classic/core.hpp:32:0,
                 from include/lexical.hpp:19,
                 from ./topio.cpp:8:
/usr/include/boost/spirit/home/classic/core/primitives/primitives.hpp:281:5: замечание:   «boost::spirit::classic::str_p»
./topio.cpp:394:28: ошибка: нет декларации «alnum_p» в этой области видимости
./topio.cpp:394:28: замечание: suggested alternative:
In file included from /usr/include/boost/spirit/home/classic/core.hpp:32:0,
                 from include/lexical.hpp:19,
                 from ./topio.cpp:8:
/usr/include/boost/spirit/home/classic/core/primitives/primitives.hpp:351:24: замечание:   «boost::spirit::classic::alnum_p»
./topio.cpp:394:64: ошибка: нет декларации «assign_a» в этой области видимости
./topio.cpp:394:64: замечание: suggested alternative:
In file included from /usr/include/boost/spirit/home/classic/core.hpp:63:0,
                 from include/lexical.hpp:19,
                 from ./topio.cpp:8:
/usr/include/boost/spirit/home/classic/actor/assign_actor.hpp:88:56: замечание:   «boost::spirit::classic::assign_a»
./topio.cpp:394:68: ошибка: «val_print» не является элементом «lex::echo»
./topio.cpp:395:25: ошибка: нет декларации «uint_p» в этой области видимости
./topio.cpp:395:25: замечание: suggested alternative:
In file included from /usr/include/boost/spirit/home/classic/core.hpp:33:0,
                 from include/lexical.hpp:19,
                 from ./topio.cpp:8:
/usr/include/boost/spirit/home/classic/core/primitives/numerics.hpp:95:9: замечание:   «boost::spirit::classic::uint_p»
./topio.cpp:396:25: ошибка: нет декларации «real_p» в этой области видимости
./topio.cpp:396:25: замечание: suggested alternative:
In file included from /usr/include/boost/spirit/home/classic/core.hpp:33:0,
                 from include/lexical.hpp:19,
                 from ./topio.cpp:8:
/usr/include/boost/spirit/home/classic/core/primitives/numerics.hpp:258:9: замечание:   «boost::spirit::classic::real_p»
./topio.cpp:403:51: ошибка: «assign_cast_a» не является элементом «lex»
./topio.cpp:404:28: ошибка: «insert_mi_a» не является элементом «lex»
./topio.cpp:405:2: ошибка: нет декларации «common» в этой области видимости
./topio.cpp:407:2: ошибка: нет декларации «parse_info» в этой области видимости
./topio.cpp:407:2: замечание: suggested alternative:
In file included from /usr/include/boost/spirit/home/classic/core.hpp:29:0,
                 from include/lexical.hpp:19,
                 from ./topio.cpp:8:
/usr/include/boost/spirit/home/classic/core/parser.hpp:169:12: замечание:   «boost::spirit::classic::parse_info»
./topio.cpp:407:13: ошибка: «iterator» не является элементом «lex»
./topio.cpp:407:13: замечание: suggested alternatives:
In file included from /usr/lib/gcc/x86_64-pc-linux-gnu/4.7.3/include/g++-v4/bits/stl_algobase.h:66:0,
                 from /usr/lib/gcc/x86_64-pc-linux-gnu/4.7.3/include/g++-v4/bits/char_traits.h:41,
                 from /usr/lib/gcc/x86_64-pc-linux-gnu/4.7.3/include/g++-v4/ios:41,
                 from /usr/lib/gcc/x86_64-pc-linux-gnu/4.7.3/include/g++-v4/ostream:40,
                 from /usr/lib/gcc/x86_64-pc-linux-gnu/4.7.3/include/g++-v4/iostream:40,
                 from include/global.hpp:11,
                 from include/topio.hpp:4,
                 from ./topio.cpp:1:
/usr/lib/gcc/x86_64-pc-linux-gnu/4.7.3/include/g++-v4/bits/stl_iterator_base_types.h:119:12: замечание:   «std::iterator»
/usr/lib/gcc/x86_64-pc-linux-gnu/4.7.3/include/g++-v4/bits/stl_iterator_base_types.h:119:12: замечание:   «std::iterator»
In file included from /usr/include/boost/iterator/iterator_facade.hpp:10:0,
                 from /usr/include/boost/range/iterator_range_core.hpp:23,
                 from /usr/include/boost/lexical_cast.hpp:169,
                 from include/global.hpp:20,
                 from include/topio.hpp:4,
                 from ./topio.cpp:1:
/usr/include/boost/iterator.hpp:55:10: замечание:   «boost::iterator»
In file included from /usr/lib/gcc/x86_64-pc-linux-gnu/4.7.3/include/g++-v4/bits/stl_algobase.h:66:0,
                 from /usr/lib/gcc/x86_64-pc-linux-gnu/4.7.3/include/g++-v4/bits/char_traits.h:41,
                 from /usr/lib/gcc/x86_64-pc-linux-gnu/4.7.3/include/g++-v4/ios:41,
                 from /usr/lib/gcc/x86_64-pc-linux-gnu/4.7.3/include/g++-v4/ostream:40,
                 from /usr/lib/gcc/x86_64-pc-linux-gnu/4.7.3/include/g++-v4/iostream:40,
                 from include/global.hpp:11,
                 from include/topio.hpp:4,
                 from ./topio.cpp:1:
/usr/lib/gcc/x86_64-pc-linux-gnu/4.7.3/include/g++-v4/bits/stl_iterator_base_types.h:119:12: замечание:   «std::iterator»
./topio.cpp:407:28: ошибка: нет декларации «info» в этой области видимости
./topio.cpp:411:17: ошибка: нет декларации «first» в этой области видимости
./topio.cpp:411:17: замечание: suggested alternative:
In file included from /usr/include/boost/mpl/iter_fold_if.hpp:23:0,
                 from /usr/include/boost/mpl/find_if.hpp:19,
                 from /usr/include/boost/mpl/find.hpp:17,
                 from /usr/include/boost/mpl/aux_/contains_impl.hpp:20,
                 from /usr/include/boost/mpl/contains.hpp:20,
                 from /usr/include/boost/math/policies/policy.hpp:10,
                 from /usr/include/boost/math/special_functions/math_fwd.hpp:28,
                 from /usr/include/boost/math/special_functions/sign.hpp:17,
                 from /usr/include/boost/lexical_cast.hpp:167,
                 from include/global.hpp:20,
                 from include/topio.hpp:4,
                 from ./topio.cpp:1:
/usr/include/boost/mpl/pair.hpp:40:8: замечание:   «boost::mpl::first»
./topio.cpp:411:23: ошибка: нет декларации «last» в этой области видимости
./topio.cpp:411:35: ошибка: нет декларации «parse» в этой области видимости
./topio.cpp:411:35: замечание: suggested alternative:
In file included from /usr/include/boost/spirit/home/classic/core/scanner/skipper.hpp:195:0,
                 from /usr/include/boost/spirit/home/classic/core/composite/impl/directives.ipp:16,
                 from /usr/include/boost/spirit/home/classic/core/primitives/primitives.hpp:16,
                 from /usr/include/boost/spirit/home/classic/core.hpp:32,
                 from include/lexical.hpp:19,
                 from ./topio.cpp:8:
/usr/include/boost/spirit/home/classic/core/scanner/impl/skipper.ipp:165:5: замечание:   «boost::spirit::classic::parse»
./topio.cpp:412:11: ошибка: expected type-specifier before «parser_error_base»
./topio.cpp:412:29: ошибка: expected «)» before «&» token
./topio.cpp:412:29: ошибка: expected «{» before «&» token
./topio.cpp:412:30: ошибка: нет декларации «e» в этой области видимости
./topio.cpp:412:31: ошибка: expected «;» before «)» token
./topio.cpp:421:9: ошибка: «iterator» не является элементом «lex»
./topio.cpp:421:9: замечание: suggested alternatives:
In file included from /usr/lib/gcc/x86_64-pc-linux-gnu/4.7.3/include/g++-v4/bits/stl_algobase.h:66:0,
                 from /usr/lib/gcc/x86_64-pc-linux-gnu/4.7.3/include/g++-v4/bits/char_traits.h:41,
                 from /usr/lib/gcc/x86_64-pc-linux-gnu/4.7.3/include/g++-v4/ios:41,
                 from /usr/lib/gcc/x86_64-pc-linux-gnu/4.7.3/include/g++-v4/ostream:40,
                 from /usr/lib/gcc/x86_64-pc-linux-gnu/4.7.3/include/g++-v4/iostream:40,
                 from include/global.hpp:11,
                 from include/topio.hpp:4,
                 from ./topio.cpp:1:
/usr/lib/gcc/x86_64-pc-linux-gnu/4.7.3/include/g++-v4/bits/stl_iterator_base_types.h:119:12: замечание:   «std::iterator»
/usr/lib/gcc/x86_64-pc-linux-gnu/4.7.3/include/g++-v4/bits/stl_iterator_base_types.h:119:12: замечание:   «std::iterator»
In file included from /usr/include/boost/iterator/iterator_facade.hpp:10:0,
                 from /usr/include/boost/range/iterator_range_core.hpp:23,
                 from /usr/include/boost/lexical_cast.hpp:169,
                 from include/global.hpp:20,
                 from include/topio.hpp:4,
                 from ./topio.cpp:1:
/usr/include/boost/iterator.hpp:55:10: замечание:   «boost::iterator»
In file included from /usr/lib/gcc/x86_64-pc-linux-gnu/4.7.3/include/g++-v4/bits/stl_algobase.h:66:0,
                 from /usr/lib/gcc/x86_64-pc-linux-gnu/4.7.3/include/g++-v4/bits/char_traits.h:41,
                 from /usr/lib/gcc/x86_64-pc-linux-gnu/4.7.3/include/g++-v4/ios:41,
                 from /usr/lib/gcc/x86_64-pc-linux-gnu/4.7.3/include/g++-v4/ostream:40,
                 from /usr/lib/gcc/x86_64-pc-linux-gnu/4.7.3/include/g++-v4/iostream:40,
                 from include/global.hpp:11,
                 from include/topio.hpp:4,
                 from ./topio.cpp:1:
/usr/lib/gcc/x86_64-pc-linux-gnu/4.7.3/include/g++-v4/bits/stl_iterator_base_types.h:119:12: замечание:   «std::iterator»
./topio.cpp:421:23: ошибка: expected «;» before «err_it»
./topio.cpp:422:22: ошибка: нет декларации «err_it» в этой области видимости
./topio.cpp:423:12: ошибка: нет декларации «first» в этой области видимости
./topio.cpp:423:12: замечание: suggested alternative:
In file included from /usr/include/boost/mpl/iter_fold_if.hpp:23:0,
                 from /usr/include/boost/mpl/find_if.hpp:19,
                 from /usr/include/boost/mpl/find.hpp:17,
                 from /usr/include/boost/mpl/aux_/contains_impl.hpp:20,
                 from /usr/include/boost/mpl/contains.hpp:20,
                 from /usr/include/boost/math/policies/policy.hpp:10,
                 from /usr/include/boost/math/special_functions/math_fwd.hpp:28,
                 from /usr/include/boost/math/special_functions/sign.hpp:17,
                 from /usr/include/boost/lexical_cast.hpp:167,
                 from include/global.hpp:20,
                 from include/topio.hpp:4,
                 from ./topio.cpp:1:
/usr/include/boost/mpl/pair.hpp:40:8: замечание:   «boost::mpl::first»
./topio.cpp:424:40: ошибка: «iterator» не является элементом «lex»
./topio.cpp:424:40: замечание: suggested alternatives:
In file included from /usr/lib/gcc/x86_64-pc-linux-gnu/4.7.3/include/g++-v4/bits/stl_algobase.h:66:0,
                 from /usr/lib/gcc/x86_64-pc-linux-gnu/4.7.3/include/g++-v4/bits/char_traits.h:41,
                 from /usr/lib/gcc/x86_64-pc-linux-gnu/4.7.3/include/g++-v4/ios:41,
                 from /usr/lib/gcc/x86_64-pc-linux-gnu/4.7.3/include/g++-v4/ostream:40,
                 from /usr/lib/gcc/x86_64-pc-linux-gnu/4.7.3/include/g++-v4/iostream:40,
                 from include/global.hpp:11,
                 from include/topio.hpp:4,
                 from ./topio.cpp:1:
/usr/lib/gcc/x86_64-pc-linux-gnu/4.7.3/include/g++-v4/bits/stl_iterator_base_types.h:119:12: замечание:   «std::iterator»
/usr/lib/gcc/x86_64-pc-linux-gnu/4.7.3/include/g++-v4/bits/stl_iterator_base_types.h:119:12: замечание:   «std::iterator»
In file included from /usr/include/boost/iterator/iterator_facade.hpp:10:0,
                 from /usr/include/boost/range/iterator_range_core.hpp:23,
                 from /usr/include/boost/lexical_cast.hpp:169,
                 from include/global.hpp:20,
                 from include/topio.hpp:4,
                 from ./topio.cpp:1:
/usr/include/boost/iterator.hpp:55:10: замечание:   «boost::iterator»
In file included from /usr/lib/gcc/x86_64-pc-linux-gnu/4.7.3/include/g++-v4/bits/stl_algobase.h:66:0,
                 from /usr/lib/gcc/x86_64-pc-linux-gnu/4.7.3/include/g++-v4/bits/char_traits.h:41,
                 from /usr/lib/gcc/x86_64-pc-linux-gnu/4.7.3/include/g++-v4/ios:41,
                 from /usr/lib/gcc/x86_64-pc-linux-gnu/4.7.3/include/g++-v4/ostream:40,
                 from /usr/lib/gcc/x86_64-pc-linux-gnu/4.7.3/include/g++-v4/iostream:40,
                 from include/global.hpp:11,
                 from include/topio.hpp:4,
                 from ./topio.cpp:1:
/usr/lib/gcc/x86_64-pc-linux-gnu/4.7.3/include/g++-v4/bits/stl_iterator_base_types.h:119:12: замечание:   «std::iterator»
./topio.cpp:424:40: ошибка: «iterator» не является элементом «lex»
./topio.cpp:424:40: замечание: suggested alternatives:
In file included from /usr/lib/gcc/x86_64-pc-linux-gnu/4.7.3/include/g++-v4/bits/stl_algobase.h:66:0,
                 from /usr/lib/gcc/x86_64-pc-linux-gnu/4.7.3/include/g++-v4/bits/char_traits.h:41,
                 from /usr/lib/gcc/x86_64-pc-linux-gnu/4.7.3/include/g++-v4/ios:41,
                 from /usr/lib/gcc/x86_64-pc-linux-gnu/4.7.3/include/g++-v4/ostream:40,
                 from /usr/lib/gcc/x86_64-pc-linux-gnu/4.7.3/include/g++-v4/iostream:40,
                 from include/global.hpp:11,
                 from include/topio.hpp:4,
                 from ./topio.cpp:1:
/usr/lib/gcc/x86_64-pc-linux-gnu/4.7.3/include/g++-v4/bits/stl_iterator_base_types.h:119:12: замечание:   «std::iterator»
/usr/lib/gcc/x86_64-pc-linux-gnu/4.7.3/include/g++-v4/bits/stl_iterator_base_types.h:119:12: замечание:   «std::iterator»
In file included from /usr/include/boost/iterator/iterator_facade.hpp:10:0,
                 from /usr/include/boost/range/iterator_range_core.hpp:23,
                 from /usr/include/boost/lexical_cast.hpp:169,
                 from include/global.hpp:20,
                 from include/topio.hpp:4,
                 from ./topio.cpp:1:
/usr/include/boost/iterator.hpp:55:10: замечание:   «boost::iterator»
In file included from /usr/lib/gcc/x86_64-pc-linux-gnu/4.7.3/include/g++-v4/bits/stl_algobase.h:66:0,
                 from /usr/lib/gcc/x86_64-pc-linux-gnu/4.7.3/include/g++-v4/bits/char_traits.h:41,
                 from /usr/lib/gcc/x86_64-pc-linux-gnu/4.7.3/include/g++-v4/ios:41,
                 from /usr/lib/gcc/x86_64-pc-linux-gnu/4.7.3/include/g++-v4/ostream:40,
                 from /usr/lib/gcc/x86_64-pc-linux-gnu/4.7.3/include/g++-v4/iostream:40,
                 from include/global.hpp:11,
                 from include/topio.hpp:4,
                 from ./topio.cpp:1:
/usr/lib/gcc/x86_64-pc-linux-gnu/4.7.3/include/g++-v4/bits/stl_iterator_base_types.h:119:12: замечание:   «std::iterator»
./topio.cpp:424:65: ошибка: некорректный аргумент шаблона 1
./topio.cpp: В функции «void tpp::load_topology(tpp::t_topology&, const char*)»:
./topio.cpp:453:3: ошибка: «iterator» не является элементом «lex»
./topio.cpp:453:3: замечание: suggested alternatives:
In file included from /usr/lib/gcc/x86_64-pc-linux-gnu/4.7.3/include/g++-v4/bits/stl_algobase.h:66:0,
                 from /usr/lib/gcc/x86_64-pc-linux-gnu/4.7.3/include/g++-v4/bits/char_traits.h:41,
                 from /usr/lib/gcc/x86_64-pc-linux-gnu/4.7.3/include/g++-v4/ios:41,
                 from /usr/lib/gcc/x86_64-pc-linux-gnu/4.7.3/include/g++-v4/ostream:40,
                 from /usr/lib/gcc/x86_64-pc-linux-gnu/4.7.3/include/g++-v4/iostream:40,
                 from include/global.hpp:11,
                 from include/topio.hpp:4,
                 from ./topio.cpp:1:
/usr/lib/gcc/x86_64-pc-linux-gnu/4.7.3/include/g++-v4/bits/stl_iterator_base_types.h:119:12: замечание:   «std::iterator»
/usr/lib/gcc/x86_64-pc-linux-gnu/4.7.3/include/g++-v4/bits/stl_iterator_base_types.h:119:12: замечание:   «std::iterator»
In file included from /usr/include/boost/iterator/iterator_facade.hpp:10:0,
                 from /usr/include/boost/range/iterator_range_core.hpp:23,
                 from /usr/include/boost/lexical_cast.hpp:169,
                 from include/global.hpp:20,
                 from include/topio.hpp:4,
                 from ./topio.cpp:1:
/usr/include/boost/iterator.hpp:55:10: замечание:   «boost::iterator»
In file included from /usr/lib/gcc/x86_64-pc-linux-gnu/4.7.3/include/g++-v4/bits/stl_algobase.h:66:0,
                 from /usr/lib/gcc/x86_64-pc-linux-gnu/4.7.3/include/g++-v4/bits/char_traits.h:41,
                 from /usr/lib/gcc/x86_64-pc-linux-gnu/4.7.3/include/g++-v4/ios:41,
                 from /usr/lib/gcc/x86_64-pc-linux-gnu/4.7.3/include/g++-v4/ostream:40,
                 from /usr/lib/gcc/x86_64-pc-linux-gnu/4.7.3/include/g++-v4/iostream:40,
                 from include/global.hpp:11,
                 from include/topio.hpp:4,
                 from ./topio.cpp:1:
/usr/lib/gcc/x86_64-pc-linux-gnu/4.7.3/include/g++-v4/bits/stl_iterator_base_types.h:119:12: замечание:   «std::iterator»
./topio.cpp:453:17: ошибка: expected «;» before «first»
./topio.cpp:454:3: ошибка: «iterator» не является элементом «lex»
./topio.cpp:454:3: замечание: suggested alternatives:
In file included from /usr/lib/gcc/x86_64-pc-linux-gnu/4.7.3/include/g++-v4/bits/stl_algobase.h:66:0,
                 from /usr/lib/gcc/x86_64-pc-linux-gnu/4.7.3/include/g++-v4/bits/char_traits.h:41,
                 from /usr/lib/gcc/x86_64-pc-linux-gnu/4.7.3/include/g++-v4/ios:41,
                 from /usr/lib/gcc/x86_64-pc-linux-gnu/4.7.3/include/g++-v4/ostream:40,
                 from /usr/lib/gcc/x86_64-pc-linux-gnu/4.7.3/include/g++-v4/iostream:40,
                 from include/global.hpp:11,
                 from include/topio.hpp:4,
                 from ./topio.cpp:1:
/usr/lib/gcc/x86_64-pc-linux-gnu/4.7.3/include/g++-v4/bits/stl_iterator_base_types.h:119:12: замечание:   «std::iterator»
/usr/lib/gcc/x86_64-pc-linux-gnu/4.7.3/include/g++-v4/bits/stl_iterator_base_types.h:119:12: замечание:   «std::iterator»
In file included from /usr/include/boost/iterator/iterator_facade.hpp:10:0,
                 from /usr/include/boost/range/iterator_range_core.hpp:23,
                 from /usr/include/boost/lexical_cast.hpp:169,
                 from include/global.hpp:20,
                 from include/topio.hpp:4,
                 from ./topio.cpp:1:
/usr/include/boost/iterator.hpp:55:10: замечание:   «boost::iterator»
In file included from /usr/lib/gcc/x86_64-pc-linux-gnu/4.7.3/include/g++-v4/bits/stl_algobase.h:66:0,
                 from /usr/lib/gcc/x86_64-pc-linux-gnu/4.7.3/include/g++-v4/bits/char_traits.h:41,
                 from /usr/lib/gcc/x86_64-pc-linux-gnu/4.7.3/include/g++-v4/ios:41,
                 from /usr/lib/gcc/x86_64-pc-linux-gnu/4.7.3/include/g++-v4/ostream:40,
                 from /usr/lib/gcc/x86_64-pc-linux-gnu/4.7.3/include/g++-v4/iostream:40,
                 from include/global.hpp:11,
                 from include/topio.hpp:4,
                 from ./topio.cpp:1:
/usr/lib/gcc/x86_64-pc-linux-gnu/4.7.3/include/g++-v4/bits/stl_iterator_base_types.h:119:12: замечание:   «std::iterator»
./topio.cpp:454:17: ошибка: expected «;» before «last»
./topio.cpp:455:3: ошибка: «rule_r» не является элементом «lex»
./topio.cpp:455:15: ошибка: expected «;» before «clrs»
./topio.cpp:461:3: ошибка: нет декларации «coms» в этой области видимости
./topio.cpp:461:11: ошибка: нет декларации «blank_p» в этой области видимости
./topio.cpp:461:11: замечание: suggested alternative:
In file included from /usr/include/boost/spirit/home/classic/core.hpp:32:0,
                 from include/lexical.hpp:19,
                 from ./topio.cpp:8:
/usr/include/boost/spirit/home/classic/core/primitives/primitives.hpp:511:24: замечание:   «boost::spirit::classic::blank_p»
./topio.cpp:461:30: ошибка: нет декларации «ch_p» в этой области видимости
./topio.cpp:461:30: замечание: suggested alternative:
In file included from /usr/include/boost/spirit/home/classic/core.hpp:32:0,
                 from include/lexical.hpp:19,
                 from ./topio.cpp:8:
/usr/include/boost/spirit/home/classic/core/primitives/primitives.hpp:136:5: замечание:   «boost::spirit::classic::ch_p»
./topio.cpp:461:38: ошибка: нет декларации «anychar_p» в этой области видимости
./topio.cpp:461:38: замечание: suggested alternative:
In file included from /usr/include/boost/spirit/home/classic/core.hpp:32:0,
                 from include/lexical.hpp:19,
                 from ./topio.cpp:8:
/usr/include/boost/spirit/home/classic/core/primitives/primitives.hpp:325:26: замечание:   «boost::spirit::classic::anychar_p»
./topio.cpp:461:50: ошибка: нет декларации «eol_p» в этой области видимости
./topio.cpp:461:50: замечание: suggested alternative:
In file included from /usr/include/boost/spirit/home/classic/core.hpp:32:0,
                 from include/lexical.hpp:19,
                 from ./topio.cpp:8:
/usr/include/boost/spirit/home/classic/core/primitives/primitives.hpp:610:22: замечание:   «boost::spirit::classic::eol_p»
./topio.cpp:461:59: ошибка: «val_print» не является элементом «lex::echo»
./topio.cpp:462:3: ошибка: нет декларации «clrs» в этой области видимости
./topio.cpp:464:3: ошибка: нет декларации «define» в этой области видимости
./topio.cpp:464:40: ошибка: нет декларации «str_p» в этой области видимости
./topio.cpp:464:40: замечание: suggested alternative:
In file included from /usr/include/boost/spirit/home/classic/core.hpp:32:0,
                 from include/lexical.hpp:19,
                 from ./topio.cpp:8:
/usr/include/boost/spirit/home/classic/core/primitives/primitives.hpp:281:5: замечание:   «boost::spirit::classic::str_p»
./topio.cpp:465:28: ошибка: нет декларации «alnum_p» в этой области видимости
./topio.cpp:465:28: замечание: suggested alternative:
In file included from /usr/include/boost/spirit/home/classic/core.hpp:32:0,
                 from include/lexical.hpp:19,
                 from ./topio.cpp:8:
/usr/include/boost/spirit/home/classic/core/primitives/primitives.hpp:351:24: замечание:   «boost::spirit::classic::alnum_p»
./topio.cpp:465:64: ошибка: нет декларации «assign_a» в этой области видимости
./topio.cpp:465:64: замечание: suggested alternative:
In file included from /usr/include/boost/spirit/home/classic/core.hpp:63:0,
                 from include/lexical.hpp:19,
                 from ./topio.cpp:8:
/usr/include/boost/spirit/home/classic/actor/assign_actor.hpp:88:56: замечание:   «boost::spirit::classic::assign_a»
./topio.cpp:465:68: ошибка: «val_print» не является элементом «lex::echo»
./topio.cpp:466:25: ошибка: нет декларации «uint_p» в этой области видимости
./topio.cpp:466:25: замечание: suggested alternative:
In file included from /usr/include/boost/spirit/home/classic/core.hpp:33:0,
                 from include/lexical.hpp:19,
                 from ./topio.cpp:8:
/usr/include/boost/spirit/home/classic/core/primitives/numerics.hpp:95:9: замечание:   «boost::spirit::classic::uint_p»
./topio.cpp:467:25: ошибка: нет декларации «real_p» в этой области видимости
./topio.cpp:467:25: замечание: suggested alternative:
In file included from /usr/include/boost/spirit/home/classic/core.hpp:33:0,
                 from include/lexical.hpp:19,
                 from ./topio.cpp:8:
/usr/include/boost/spirit/home/classic/core/primitives/numerics.hpp:258:9: замечание:   «boost::spirit::classic::real_p»
./topio.cpp:474:51: ошибка: «assign_cast_a» не является элементом «lex»
./topio.cpp:475:28: ошибка: «insert_mi_a» не является элементом «lex»
./topio.cpp:479:3: ошибка: нет декларации «atom» в этой области видимости
./topio.cpp:488:26: ошибка: «insert_mi_a» не является элементом «lex»
./topio.cpp:490:3: ошибка: нет декларации «atom» в этой области видимости
./topio.cpp:499:26: ошибка: «update_mi_a» не является элементом «lex»
./topio.cpp:501:3: ошибка: нет декларации «bond» в этой области видимости
./topio.cpp:504:24: ошибка: «insert_mi_a» не является элементом «lex»
./topio.cpp:506:3: ошибка: нет декларации «angl» в этой области видимости
./topio.cpp:510:24: ошибка: «insert_mi_a» не является элементом «lex»
./topio.cpp:512:3: ошибка: нет декларации «dihe» в этой области видимости
./topio.cpp:517:24: ошибка: «insert_mi_a» не является элементом «lex»
./topio.cpp:518:8: ошибка: missing template arguments before «=» token
./topio.cpp:521:28: ошибка: «insert_mi_a» не является элементом «lex»
./topio.cpp:523:3: ошибка: нет декларации «moltype» в этой области видимости
./topio.cpp:525:3: ошибка: нет декларации «atoms» в этой области видимости
./topio.cpp:526:13: ошибка: нет декларации «atom» в этой области видимости
./topio.cpp:527:3: ошибка: нет декларации «bonds» в этой области видимости
./topio.cpp:529:3: ошибка: нет декларации «angles» в этой области видимости
./topio.cpp:531:3: ошибка: нет декларации «dihedrals» в этой области видимости
./topio.cpp:533:3: ошибка: нет декларации «pairs» в этой области видимости
./topio.cpp:534:13: ошибка: missing template arguments before «;» token
./topio.cpp:535:3: ошибка: нет декларации «header» в этой области видимости
./topio.cpp:536:62: ошибка: «val_print» не является элементом «lex::echo»
./topio.cpp:538:2: ошибка: нет декларации «common» в этой области видимости
./topio.cpp:557:16: ошибка: «insert_mi_a» не является элементом «lex»
./topio.cpp:561:2: ошибка: нет декларации «parse_info» в этой области видимости
./topio.cpp:561:2: замечание: suggested alternative:
In file included from /usr/include/boost/spirit/home/classic/core.hpp:29:0,
                 from include/lexical.hpp:19,
                 from ./topio.cpp:8:
/usr/include/boost/spirit/home/classic/core/parser.hpp:169:12: замечание:   «boost::spirit::classic::parse_info»
./topio.cpp:561:13: ошибка: «iterator» не является элементом «lex»
./topio.cpp:561:13: замечание: suggested alternatives:
In file included from /usr/lib/gcc/x86_64-pc-linux-gnu/4.7.3/include/g++-v4/bits/stl_algobase.h:66:0,
                 from /usr/lib/gcc/x86_64-pc-linux-gnu/4.7.3/include/g++-v4/bits/char_traits.h:41,
                 from /usr/lib/gcc/x86_64-pc-linux-gnu/4.7.3/include/g++-v4/ios:41,
                 from /usr/lib/gcc/x86_64-pc-linux-gnu/4.7.3/include/g++-v4/ostream:40,
                 from /usr/lib/gcc/x86_64-pc-linux-gnu/4.7.3/include/g++-v4/iostream:40,
                 from include/global.hpp:11,
                 from include/topio.hpp:4,
                 from ./topio.cpp:1:
/usr/lib/gcc/x86_64-pc-linux-gnu/4.7.3/include/g++-v4/bits/stl_iterator_base_types.h:119:12: замечание:   «std::iterator»
/usr/lib/gcc/x86_64-pc-linux-gnu/4.7.3/include/g++-v4/bits/stl_iterator_base_types.h:119:12: замечание:   «std::iterator»
In file included from /usr/include/boost/iterator/iterator_facade.hpp:10:0,
                 from /usr/include/boost/range/iterator_range_core.hpp:23,
                 from /usr/include/boost/lexical_cast.hpp:169,
                 from include/global.hpp:20,
                 from include/topio.hpp:4,
                 from ./topio.cpp:1:
/usr/include/boost/iterator.hpp:55:10: замечание:   «boost::iterator»
In file included from /usr/lib/gcc/x86_64-pc-linux-gnu/4.7.3/include/g++-v4/bits/stl_algobase.h:66:0,
                 from /usr/lib/gcc/x86_64-pc-linux-gnu/4.7.3/include/g++-v4/bits/char_traits.h:41,
                 from /usr/lib/gcc/x86_64-pc-linux-gnu/4.7.3/include/g++-v4/ios:41,
                 from /usr/lib/gcc/x86_64-pc-linux-gnu/4.7.3/include/g++-v4/ostream:40,
                 from /usr/lib/gcc/x86_64-pc-linux-gnu/4.7.3/include/g++-v4/iostream:40,
                 from include/global.hpp:11,
                 from include/topio.hpp:4,
                 from ./topio.cpp:1:
/usr/lib/gcc/x86_64-pc-linux-gnu/4.7.3/include/g++-v4/bits/stl_iterator_base_types.h:119:12: замечание:   «std::iterator»
./topio.cpp:561:28: ошибка: нет декларации «info» в этой области видимости
./topio.cpp:565:17: ошибка: нет декларации «first» в этой области видимости
./topio.cpp:565:17: замечание: suggested alternative:
In file included from /usr/include/boost/mpl/iter_fold_if.hpp:23:0,
                 from /usr/include/boost/mpl/find_if.hpp:19,
                 from /usr/include/boost/mpl/find.hpp:17,
                 from /usr/include/boost/mpl/aux_/contains_impl.hpp:20,
                 from /usr/include/boost/mpl/contains.hpp:20,
                 from /usr/include/boost/math/policies/policy.hpp:10,
                 from /usr/include/boost/math/special_functions/math_fwd.hpp:28,
                 from /usr/include/boost/math/special_functions/sign.hpp:17,
                 from /usr/include/boost/lexical_cast.hpp:167,
                 from include/global.hpp:20,
                 from include/topio.hpp:4,
                 from ./topio.cpp:1:
/usr/include/boost/mpl/pair.hpp:40:8: замечание:   «boost::mpl::first»
./topio.cpp:565:23: ошибка: нет декларации «last» в этой области видимости
./topio.cpp:565:35: ошибка: нет декларации «parse» в этой области видимости
./topio.cpp:565:35: замечание: suggested alternative:
In file included from /usr/include/boost/spirit/home/classic/core/scanner/skipper.hpp:195:0,
                 from /usr/include/boost/spirit/home/classic/core/composite/impl/directives.ipp:16,
                 from /usr/include/boost/spirit/home/classic/core/primitives/primitives.hpp:16,
                 from /usr/include/boost/spirit/home/classic/core.hpp:32,
                 from include/lexical.hpp:19,
                 from ./topio.cpp:8:
/usr/include/boost/spirit/home/classic/core/scanner/impl/skipper.ipp:165:5: замечание:   «boost::spirit::classic::parse»
./topio.cpp:566:11: ошибка: expected type-specifier before «parser_error_base»
./topio.cpp:566:29: ошибка: expected «)» before «&» token
./topio.cpp:566:29: ошибка: expected «{» before «&» token
./topio.cpp:566:30: ошибка: нет декларации «e» в этой области видимости
./topio.cpp:566:31: ошибка: expected «;» before «)» token
./topio.cpp:577:9: ошибка: «iterator» не является элементом «lex»
./topio.cpp:577:9: замечание: suggested alternatives:
In file included from /usr/lib/gcc/x86_64-pc-linux-gnu/4.7.3/include/g++-v4/bits/stl_algobase.h:66:0,
                 from /usr/lib/gcc/x86_64-pc-linux-gnu/4.7.3/include/g++-v4/bits/char_traits.h:41,
                 from /usr/lib/gcc/x86_64-pc-linux-gnu/4.7.3/include/g++-v4/ios:41,
                 from /usr/lib/gcc/x86_64-pc-linux-gnu/4.7.3/include/g++-v4/ostream:40,
                 from /usr/lib/gcc/x86_64-pc-linux-gnu/4.7.3/include/g++-v4/iostream:40,
                 from include/global.hpp:11,
                 from include/topio.hpp:4,
                 from ./topio.cpp:1:
/usr/lib/gcc/x86_64-pc-linux-gnu/4.7.3/include/g++-v4/bits/stl_iterator_base_types.h:119:12: замечание:   «std::iterator»
/usr/lib/gcc/x86_64-pc-linux-gnu/4.7.3/include/g++-v4/bits/stl_iterator_base_types.h:119:12: замечание:   «std::iterator»
In file included from /usr/include/boost/iterator/iterator_facade.hpp:10:0,
                 from /usr/include/boost/range/iterator_range_core.hpp:23,
                 from /usr/include/boost/lexical_cast.hpp:169,
                 from include/global.hpp:20,
                 from include/topio.hpp:4,
                 from ./topio.cpp:1:
/usr/include/boost/iterator.hpp:55:10: замечание:   «boost::iterator»
In file included from /usr/lib/gcc/x86_64-pc-linux-gnu/4.7.3/include/g++-v4/bits/stl_algobase.h:66:0,
                 from /usr/lib/gcc/x86_64-pc-linux-gnu/4.7.3/include/g++-v4/bits/char_traits.h:41,
                 from /usr/lib/gcc/x86_64-pc-linux-gnu/4.7.3/include/g++-v4/ios:41,
                 from /usr/lib/gcc/x86_64-pc-linux-gnu/4.7.3/include/g++-v4/ostream:40,
                 from /usr/lib/gcc/x86_64-pc-linux-gnu/4.7.3/include/g++-v4/iostream:40,
                 from include/global.hpp:11,
                 from include/topio.hpp:4,
                 from ./topio.cpp:1:
/usr/lib/gcc/x86_64-pc-linux-gnu/4.7.3/include/g++-v4/bits/stl_iterator_base_types.h:119:12: замечание:   «std::iterator»
./topio.cpp:577:23: ошибка: expected «;» before «err_it»
./topio.cpp:578:22: ошибка: нет декларации «err_it» в этой области видимости
./topio.cpp:579:12: ошибка: нет декларации «first» в этой области видимости
./topio.cpp:579:12: замечание: suggested alternative:
In file included from /usr/include/boost/mpl/iter_fold_if.hpp:23:0,
                 from /usr/include/boost/mpl/find_if.hpp:19,
                 from /usr/include/boost/mpl/find.hpp:17,
                 from /usr/include/boost/mpl/aux_/contains_impl.hpp:20,
                 from /usr/include/boost/mpl/contains.hpp:20,
                 from /usr/include/boost/math/policies/policy.hpp:10,
                 from /usr/include/boost/math/special_functions/math_fwd.hpp:28,
                 from /usr/include/boost/math/special_functions/sign.hpp:17,
                 from /usr/include/boost/lexical_cast.hpp:167,
                 from include/global.hpp:20,
                 from include/topio.hpp:4,
                 from ./topio.cpp:1:
/usr/include/boost/mpl/pair.hpp:40:8: замечание:   «boost::mpl::first»
./topio.cpp:580:40: ошибка: «iterator» не является элементом «lex»
./topio.cpp:580:40: замечание: suggested alternatives:
In file included from /usr/lib/gcc/x86_64-pc-linux-gnu/4.7.3/include/g++-v4/bits/stl_algobase.h:66:0,
                 from /usr/lib/gcc/x86_64-pc-linux-gnu/4.7.3/include/g++-v4/bits/char_traits.h:41,
                 from /usr/lib/gcc/x86_64-pc-linux-gnu/4.7.3/include/g++-v4/ios:41,
                 from /usr/lib/gcc/x86_64-pc-linux-gnu/4.7.3/include/g++-v4/ostream:40,
                 from /usr/lib/gcc/x86_64-pc-linux-gnu/4.7.3/include/g++-v4/iostream:40,
                 from include/global.hpp:11,
                 from include/topio.hpp:4,
                 from ./topio.cpp:1:
/usr/lib/gcc/x86_64-pc-linux-gnu/4.7.3/include/g++-v4/bits/stl_iterator_base_types.h:119:12: замечание:   «std::iterator»
/usr/lib/gcc/x86_64-pc-linux-gnu/4.7.3/include/g++-v4/bits/stl_iterator_base_types.h:119:12: замечание:   «std::iterator»
In file included from /usr/include/boost/iterator/iterator_facade.hpp:10:0,
                 from /usr/include/boost/range/iterator_range_core.hpp:23,
                 from /usr/include/boost/lexical_cast.hpp:169,
                 from include/global.hpp:20,
                 from include/topio.hpp:4,
                 from ./topio.cpp:1:
/usr/include/boost/iterator.hpp:55:10: замечание:   «boost::iterator»
In file included from /usr/lib/gcc/x86_64-pc-linux-gnu/4.7.3/include/g++-v4/bits/stl_algobase.h:66:0,
                 from /usr/lib/gcc/x86_64-pc-linux-gnu/4.7.3/include/g++-v4/bits/char_traits.h:41,
                 from /usr/lib/gcc/x86_64-pc-linux-gnu/4.7.3/include/g++-v4/ios:41,
                 from /usr/lib/gcc/x86_64-pc-linux-gnu/4.7.3/include/g++-v4/ostream:40,
                 from /usr/lib/gcc/x86_64-pc-linux-gnu/4.7.3/include/g++-v4/iostream:40,
                 from include/global.hpp:11,
                 from include/topio.hpp:4,
                 from ./topio.cpp:1:
/usr/lib/gcc/x86_64-pc-linux-gnu/4.7.3/include/g++-v4/bits/stl_iterator_base_types.h:119:12: замечание:   «std::iterator»
./topio.cpp:580:40: ошибка: «iterator» не является элементом «lex»
./topio.cpp:580:40: замечание: suggested alternatives:
In file included from /usr/lib/gcc/x86_64-pc-linux-gnu/4.7.3/include/g++-v4/bits/stl_algobase.h:66:0,
                 from /usr/lib/gcc/x86_64-pc-linux-gnu/4.7.3/include/g++-v4/bits/char_traits.h:41,
                 from /usr/lib/gcc/x86_64-pc-linux-gnu/4.7.3/include/g++-v4/ios:41,
                 from /usr/lib/gcc/x86_64-pc-linux-gnu/4.7.3/include/g++-v4/ostream:40,
                 from /usr/lib/gcc/x86_64-pc-linux-gnu/4.7.3/include/g++-v4/iostream:40,
                 from include/global.hpp:11,
                 from include/topio.hpp:4,
                 from ./topio.cpp:1:
/usr/lib/gcc/x86_64-pc-linux-gnu/4.7.3/include/g++-v4/bits/stl_iterator_base_types.h:119:12: замечание:   «std::iterator»
/usr/lib/gcc/x86_64-pc-linux-gnu/4.7.3/include/g++-v4/bits/stl_iterator_base_types.h:119:12: замечание:   «std::iterator»
In file included from /usr/include/boost/iterator/iterator_facade.hpp:10:0,
                 from /usr/include/boost/range/iterator_range_core.hpp:23,
                 from /usr/include/boost/lexical_cast.hpp:169,
                 from include/global.hpp:20,
                 from include/topio.hpp:4,
                 from ./topio.cpp:1:
/usr/include/boost/iterator.hpp:55:10: замечание:   «boost::iterator»
In file included from /usr/lib/gcc/x86_64-pc-linux-gnu/4.7.3/include/g++-v4/bits/stl_algobase.h:66:0,
                 from /usr/lib/gcc/x86_64-pc-linux-gnu/4.7.3/include/g++-v4/bits/char_traits.h:41,
                 from /usr/lib/gcc/x86_64-pc-linux-gnu/4.7.3/include/g++-v4/ios:41,
                 from /usr/lib/gcc/x86_64-pc-linux-gnu/4.7.3/include/g++-v4/ostream:40,
                 from /usr/lib/gcc/x86_64-pc-linux-gnu/4.7.3/include/g++-v4/iostream:40,
                 from include/global.hpp:11,
                 from include/topio.hpp:4,
                 from ./topio.cpp:1:
/usr/lib/gcc/x86_64-pc-linux-gnu/4.7.3/include/g++-v4/bits/stl_iterator_base_types.h:119:12: замечание:   «std::iterator»
./topio.cpp:580:65: ошибка: некорректный аргумент шаблона 1
./topio.cpp: В функции «void tpp::load_struct(tpp::t_topology&, tpp::t_iformat, const char*)»:
./topio.cpp:684:54: предупреждение: format «%u» expects argument of type «unsigned int*», but argument 3 has type «unsigned char*» [-Wformat]
make: *** [.o.d/topio.o] Ошибка 1
